#
# There is insufficient memory for the Java Runtime Environment to continue.
# Native memory allocation (mmap) failed to map 335544320 bytes for committing reserved memory.
# Possible reasons:
#   The system is out of physical RAM or swap space
#   The process is running with CompressedOops enabled, and the Java Heap may be blocking the growth of the native heap
# Possible solutions:
#   Reduce memory load on the system
#   Increase physical memory or swap space
#   Check if swap backing store is full
#   Decrease Java heap size (-Xmx/-Xms)
#   Decrease number of Java threads
#   Decrease Java thread stack sizes (-Xss)
#   Set larger code cache with -XX:ReservedCodeCacheSize=
#   JVM is running with Unscaled Compressed Oops mode in which the Java heap is
#     placed in the first 4GB address space. The Java Heap base address is the
#     maximum limit for the native heap growth. Please use -XX:HeapBaseMinAddress
#     to set the Java Heap base and to place the Java Heap above 4GB virtual address.
# This output file may be truncated or incomplete.
#
#  Out of Memory Error (os_linux.cpp:2893), pid=14032, tid=14041
#
# JRE version: OpenJDK Runtime Environment (11.0.4+11) (build 11.0.4+11-post-Ubuntu-1ubuntu218.04.3)
# Java VM: OpenJDK 64-Bit Server VM (11.0.4+11-post-Ubuntu-1ubuntu218.04.3, mixed mode, sharing, tiered, compressed oops, g1 gc, linux-amd64)
# Core dump will be written. Default location: Core dumps may be processed with "/usr/share/apport/apport %p %s %c %d %P" (or dumping to /home/felipegoiabeira/src/Ceuma/backend-server/core.14032)
#

---------------  S U M M A R Y ------------

Command Line: --add-modules=ALL-SYSTEM --add-opens=java.base/java.util=ALL-UNNAMED --add-opens=java.base/java.lang=ALL-UNNAMED -Declipse.application=org.eclipse.jdt.ls.core.id1 -Dosgi.bundles.defaultStartLevel=4 -Declipse.product=org.eclipse.jdt.ls.core.product -Dfile.encoding=utf8 -Xverify:none -Xmx1G -XX:+UseG1GC -XX:+UseStringDeduplication /home/felipegoiabeira/.vscode/extensions/redhat.java-0.50.0/server/plugins/org.eclipse.equinox.launcher_1.5.500.v20190715-1310.jar -configuration /home/felipegoiabeira/.vscode/extensions/redhat.java-0.50.0/server/config_linux -data /home/felipegoiabeira/.config/Code/User/workspaceStorage/557dbdfeda79f84ebb63a90a016dec14/redhat.java/jdt_ws

Host: Intel(R) Core(TM) i5-4200U CPU @ 1.60GHz, 4 cores, 5G, Ubuntu 18.04.3 LTS
Time: Sat Oct 12 19:42:53 2019 -03 elapsed time: 56 seconds (0d 0h 0m 56s)

---------------  T H R E A D  ---------------

Current thread (0x00007fb01413a800):  VMThread "VM Thread" [stack: 0x00007fafeeff6000,0x00007fafef0f6000] [id=14041]

Stack: [0x00007fafeeff6000,0x00007fafef0f6000],  sp=0x00007fafef0f3ff0,  free space=1015k
Native frames: (J=compiled Java code, A=aot compiled Java code, j=interpreted, Vv=VM code, C=native code)
V  [libjvm.so+0xde4547]
V  [libjvm.so+0xde519b]
V  [libjvm.so+0x6511a5]
V  [libjvm.so+0xbbed38]
V  [libjvm.so+0xbb5ebd]
V  [libjvm.so+0x76f53f]
V  [libjvm.so+0x76f7ae]
V  [libjvm.so+0x77b820]
V  [libjvm.so+0x7f6969]
V  [libjvm.so+0x7f75c2]
V  [libjvm.so+0x7f7a29]
V  [libjvm.so+0x72de6f]
V  [libjvm.so+0x732b6a]
V  [libjvm.so+0xdf01e1]
V  [libjvm.so+0xdeeda8]
V  [libjvm.so+0xdec5e6]
V  [libjvm.so+0xdecaf0]
V  [libjvm.so+0xdecf23]
V  [libjvm.so+0xd7aeea]
V  [libjvm.so+0xbc4a5e]

VM_Operation (0x00007fafecbd7c20): G1CollectForAllocation, mode: safepoint, requested by thread 0x00007faf9c1ae800


---------------  P R O C E S S  ---------------

Threads class SMR info:
_java_thread_list=0x00007faf800aa000, length=24, elements={
0x00007fb014012800, 0x00007fb01413d800, 0x00007fb01413f800, 0x00007fb014145000,
0x00007fb014147000, 0x00007fb014149000, 0x00007fb01414b000, 0x00007fb014161800,
0x00007fb0141a3800, 0x00007fb01424f800, 0x00007fb01437e800, 0x00007fb0143ae800,
0x00007fb0143cb000, 0x00007faf9c093800, 0x00007faf9c16c800, 0x00007faf94001800,
0x00007faf9c1ae800, 0x00007faf98002000, 0x00007fb0143e0000, 0x00007fb014481800,
0x00007faf94032800, 0x00007faf94034800, 0x00007faf7c09c800, 0x00007faf8400e800
}

Java Threads: ( => current thread )
  0x00007fb014012800 JavaThread "main" [_thread_blocked, id=14034, stack(0x00007fb01c3dd000,0x00007fb01c4de000)]
  0x00007fb01413d800 JavaThread "Reference Handler" daemon [_thread_blocked, id=14042, stack(0x00007fafeeef3000,0x00007fafeeff4000)]
  0x00007fb01413f800 JavaThread "Finalizer" daemon [_thread_blocked, id=14043, stack(0x00007fafeedf2000,0x00007fafeeef3000)]
  0x00007fb014145000 JavaThread "Signal Dispatcher" daemon [_thread_blocked, id=14044, stack(0x00007fafee322000,0x00007fafee423000)]
  0x00007fb014147000 JavaThread "C2 CompilerThread0" daemon [_thread_blocked, id=14045, stack(0x00007fafee221000,0x00007fafee322000)]
  0x00007fb014149000 JavaThread "C1 CompilerThread0" daemon [_thread_blocked, id=14046, stack(0x00007fafee120000,0x00007fafee221000)]
  0x00007fb01414b000 JavaThread "Sweeper thread" daemon [_thread_blocked, id=14047, stack(0x00007fafee01f000,0x00007fafee120000)]
  0x00007fb014161800 JavaThread "Common-Cleaner" daemon [_thread_blocked, id=14048, stack(0x00007fafedf1e000,0x00007fafee01f000)]
  0x00007fb0141a3800 JavaThread "Service Thread" daemon [_thread_blocked, id=14049, stack(0x00007fafede1d000,0x00007fafedf1e000)]
  0x00007fb01424f800 JavaThread "process reaper" daemon [_thread_blocked, id=14053, stack(0x00007fb01c310000,0x00007fb01c332000)]
  0x00007fb01437e800 JavaThread "Active Thread: Equinox Container: 66e9d447-6926-488e-9a5a-674dc7d9a445" [_thread_blocked, id=14065, stack(0x00007fafed6f0000,0x00007fafed7f1000)]
  0x00007fb0143ae800 JavaThread "Framework Event Dispatcher: Equinox Container: 66e9d447-6926-488e-9a5a-674dc7d9a445" daemon [_thread_blocked, id=14072, stack(0x00007fafed5ef000,0x00007fafed6f0000)]
  0x00007fb0143cb000 JavaThread "Start Level: Equinox Container: 66e9d447-6926-488e-9a5a-674dc7d9a445" daemon [_thread_blocked, id=14074, stack(0x00007fafed4ee000,0x00007fafed5ef000)]
  0x00007faf9c093800 JavaThread "Worker-JM" [_thread_blocked, id=14078, stack(0x00007fafed1dc000,0x00007fafed2dd000)]
  0x00007faf9c16c800 JavaThread "Worker-0: Java indexing... " [_thread_blocked, id=14080, stack(0x00007fafecedb000,0x00007fafecfdc000)]
  0x00007faf94001800 JavaThread "Worker-1: Initialize workspace" [_thread_blocked, id=14081, stack(0x00007fafecdda000,0x00007fafecedb000)]
  0x00007faf9c1ae800 JavaThread "Java indexing" daemon [_thread_blocked, id=14082, stack(0x00007fafecad9000,0x00007fafecbda000)]
  0x00007faf98002000 JavaThread "Worker-2" [_thread_blocked, id=14091, stack(0x00007faf8bcff000,0x00007faf8be00000)]
  0x00007fb0143e0000 JavaThread "pool-2-thread-1" [_thread_blocked, id=14114, stack(0x00007faf8b7fe000,0x00007faf8b8ff000)]
  0x00007fb014481800 JavaThread "pool-1-thread-1" [_thread_in_native, id=14117, stack(0x00007faf8b4fd000,0x00007faf8b5fe000)]
  0x00007faf94032800 JavaThread "Worker-3: Building workspace" [_thread_blocked, id=14118, stack(0x00007faf8b1fc000,0x00007faf8b2fd000)]
  0x00007faf94034800 JavaThread "Worker-4" [_thread_blocked, id=14120, stack(0x00007faf8aecc000,0x00007faf8afcd000)]
  0x00007faf7c09c800 JavaThread "ForkJoinPool.commonPool-worker-3" daemon [_thread_blocked, id=14124, stack(0x00007faf89ca2000,0x00007faf89da3000)]
  0x00007faf8400e800 JavaThread "Bundle File Closer" daemon [_thread_blocked, id=14125, stack(0x00007faf89ba1000,0x00007faf89ca2000)]

Other Threads:
=>0x00007fb01413a800 VMThread "VM Thread" [stack: 0x00007fafeeff6000,0x00007fafef0f6000] [id=14041]
  0x00007fb0141a6000 WatcherThread [stack: 0x00007fafedd1d000,0x00007fafede1d000] [id=14050]
  0x00007fb014028800 GCTaskThread "GC Thread#0" [stack: 0x00007fb0183d8000,0x00007fb0184d8000] [id=14035]
  0x00007fafd4001000 GCTaskThread "GC Thread#1" [stack: 0x00007fafed7f3000,0x00007fafed8f3000] [id=14064]
  0x00007fafd403f800 GCTaskThread "GC Thread#2" [stack: 0x00007fafec5d9000,0x00007fafec6d9000] [id=14084]
  0x00007fafd4041000 GCTaskThread "GC Thread#3" [stack: 0x00007fafec4d7000,0x00007fafec5d7000] [id=14085]
  0x00007fb014044800 ConcurrentGCThread "G1 Main Marker" [stack: 0x00007faffc155000,0x00007faffc255000] [id=14036]
  0x00007fb014046000 ConcurrentGCThread "G1 Conc#0" [stack: 0x00007faffc053000,0x00007faffc153000] [id=14037]
  0x00007fb0140a1800 ConcurrentGCThread "G1 Refine#0" [stack: 0x00007fafefafc000,0x00007fafefbfc000] [id=14038]
  0x00007fb0140a3800 ConcurrentGCThread "G1 Young RemSet Sampling" [stack: 0x00007fafef9fa000,0x00007fafefafa000] [id=14039]
  0x00007fb0140aa800 ConcurrentGCThread "StrDedup" [stack: 0x00007fafef8f8000,0x00007fafef9f8000] [id=14040]

Threads with active compile tasks:
C2 CompilerThread05317       4       org.eclipse.jdt.internal.compiler.classfmt.MethodInfo::decodeCodeAttribute (147 bytes)
C1 CompilerThread05322 % !   2       org.eclipse.jdt.internal.core.search.indexing.BinaryIndexer::indexDocument @ 465 (1104 bytes)

VM state:at safepoint (normal execution)

VM Mutex/Monitor currently owned by a thread:  ([mutex/lock_event])
[0x00007fb01400e720] Threads_lock - owner thread: 0x00007fb01413a800
[0x00007fb01400ee70] Heap_lock - owner thread: 0x00007faf9c1ae800

Heap address: 0x00000000c0000000, size: 1024 MB, Compressed Oops mode: 32-bit
Narrow klass base: 0x0000000800000000, Narrow klass shift: 3
Compressed class space size: 1073741824 Address: 0x0000000840000000

Heap:
 garbage-first heap   total 557056K, used 76646K [0x00000000c0000000, 0x0000000100000000)
  region size 1024K, 2 young (2048K), 2 survivors (2048K)
 Metaspace       used 40566K, capacity 42943K, committed 43136K, reserved 1087488K
  class space    used 4322K, capacity 5217K, committed 5248K, reserved 1048576K
Heap Regions: E=young(eden), S=young(survivor), O=old, HS=humongous(starts), HC=humongous(continues), CS=collection set, F=free, A=archive, TAMS=top-at-mark-start (previous, next)
|   0|0x00000000c0000000, 0x00000000c0100000, 0x00000000c0100000|100%| O|  |TAMS 0x00000000c0100000, 0x00000000c0000000| Untracked 
|   1|0x00000000c0100000, 0x00000000c0200000, 0x00000000c0200000|100%| O|  |TAMS 0x00000000c0200000, 0x00000000c0100000| Untracked 
|   2|0x00000000c0200000, 0x00000000c0300000, 0x00000000c0300000|100%| O|  |TAMS 0x00000000c0300000, 0x00000000c0200000| Untracked 
|   3|0x00000000c0300000, 0x00000000c0400000, 0x00000000c0400000|100%| O|  |TAMS 0x00000000c0400000, 0x00000000c0300000| Untracked 
|   4|0x00000000c0400000, 0x00000000c0500000, 0x00000000c0500000|100%| O|  |TAMS 0x00000000c0500000, 0x00000000c0400000| Untracked 
|   5|0x00000000c0500000, 0x00000000c0600000, 0x00000000c0600000|100%| O|  |TAMS 0x00000000c0600000, 0x00000000c0500000| Untracked 
|   6|0x00000000c0600000, 0x00000000c0700000, 0x00000000c0700000|100%| O|  |TAMS 0x00000000c0700000, 0x00000000c0600000| Untracked 
|   7|0x00000000c0700000, 0x00000000c0800000, 0x00000000c0800000|100%| O|  |TAMS 0x00000000c0800000, 0x00000000c0700000| Untracked 
|   8|0x00000000c0800000, 0x00000000c0900000, 0x00000000c0900000|100%| O|  |TAMS 0x00000000c0900000, 0x00000000c0800000| Untracked 
|   9|0x00000000c0900000, 0x00000000c0a00000, 0x00000000c0a00000|100%| O|  |TAMS 0x00000000c0a00000, 0x00000000c0900000| Untracked 
|  10|0x00000000c0a00000, 0x00000000c0b00000, 0x00000000c0b00000|100%| O|  |TAMS 0x00000000c0b00000, 0x00000000c0a00000| Untracked 
|  11|0x00000000c0b00000, 0x00000000c0c00000, 0x00000000c0c00000|100%| O|  |TAMS 0x00000000c0c00000, 0x00000000c0b00000| Untracked 
|  12|0x00000000c0c00000, 0x00000000c0d00000, 0x00000000c0d00000|100%| O|  |TAMS 0x00000000c0d00000, 0x00000000c0c00000| Untracked 
|  13|0x00000000c0d00000, 0x00000000c0e00000, 0x00000000c0e00000|100%| O|  |TAMS 0x00000000c0e00000, 0x00000000c0d00000| Untracked 
|  14|0x00000000c0e00000, 0x00000000c0f00000, 0x00000000c0f00000|100%| O|  |TAMS 0x00000000c0f00000, 0x00000000c0e00000| Untracked 
|  15|0x00000000c0f00000, 0x00000000c1000000, 0x00000000c1000000|100%| O|  |TAMS 0x00000000c1000000, 0x00000000c0f00000| Untracked 
|  16|0x00000000c1000000, 0x00000000c1100000, 0x00000000c1100000|100%| O|  |TAMS 0x00000000c1100000, 0x00000000c1000000| Untracked 
|  17|0x00000000c1100000, 0x00000000c1200000, 0x00000000c1200000|100%| O|  |TAMS 0x00000000c1200000, 0x00000000c1100000| Untracked 
|  18|0x00000000c1200000, 0x00000000c1300000, 0x00000000c1300000|100%| O|  |TAMS 0x00000000c1300000, 0x00000000c1200000| Untracked 
|  19|0x00000000c1300000, 0x00000000c1400000, 0x00000000c1400000|100%| O|  |TAMS 0x00000000c1400000, 0x00000000c1300000| Untracked 
|  20|0x00000000c1400000, 0x00000000c1500000, 0x00000000c1500000|100%|HS|  |TAMS 0x00000000c1500000, 0x00000000c1400000| Complete 
|  21|0x00000000c1500000, 0x00000000c1600000, 0x00000000c1600000|100%| O|  |TAMS 0x00000000c1600000, 0x00000000c1500000| Untracked 
|  22|0x00000000c1600000, 0x00000000c1700000, 0x00000000c1700000|100%| O|  |TAMS 0x00000000c1700000, 0x00000000c1600000| Untracked 
|  23|0x00000000c1700000, 0x00000000c1800000, 0x00000000c1800000|100%| O|  |TAMS 0x00000000c1800000, 0x00000000c1700000| Untracked 
|  24|0x00000000c1800000, 0x00000000c1900000, 0x00000000c1900000|100%| O|  |TAMS 0x00000000c1900000, 0x00000000c1800000| Untracked 
|  25|0x00000000c1900000, 0x00000000c1a00000, 0x00000000c1a00000|100%| O|  |TAMS 0x00000000c1a00000, 0x00000000c1900000| Untracked 
|  26|0x00000000c1a00000, 0x00000000c1b00000, 0x00000000c1b00000|100%| O|  |TAMS 0x00000000c1b00000, 0x00000000c1a00000| Untracked 
|  27|0x00000000c1b00000, 0x00000000c1c00000, 0x00000000c1c00000|100%| O|  |TAMS 0x00000000c1c00000, 0x00000000c1b00000| Untracked 
|  28|0x00000000c1c00000, 0x00000000c1d00000, 0x00000000c1d00000|100%| O|  |TAMS 0x00000000c1d00000, 0x00000000c1c00000| Untracked 
|  29|0x00000000c1d00000, 0x00000000c1e00000, 0x00000000c1e00000|100%| O|  |TAMS 0x00000000c1e00000, 0x00000000c1d00000| Untracked 
|  30|0x00000000c1e00000, 0x00000000c1f00000, 0x00000000c1f00000|100%| O|  |TAMS 0x00000000c1f00000, 0x00000000c1e00000| Untracked 
|  31|0x00000000c1f00000, 0x00000000c2000000, 0x00000000c2000000|100%| O|  |TAMS 0x00000000c2000000, 0x00000000c1f00000| Untracked 
|  32|0x00000000c2000000, 0x00000000c2100000, 0x00000000c2100000|100%| O|  |TAMS 0x00000000c2100000, 0x00000000c2000000| Untracked 
|  33|0x00000000c2100000, 0x00000000c2200000, 0x00000000c2200000|100%| O|  |TAMS 0x00000000c2200000, 0x00000000c2100000| Untracked 
|  34|0x00000000c2200000, 0x00000000c2300000, 0x00000000c2300000|100%| O|  |TAMS 0x00000000c2300000, 0x00000000c2200000| Untracked 
|  35|0x00000000c2300000, 0x00000000c2400000, 0x00000000c2400000|100%| O|  |TAMS 0x00000000c2400000, 0x00000000c2300000| Untracked 
|  36|0x00000000c2400000, 0x00000000c2500000, 0x00000000c2500000|100%| O|  |TAMS 0x00000000c2500000, 0x00000000c2400000| Untracked 
|  37|0x00000000c2500000, 0x00000000c2600000, 0x00000000c2600000|100%| O|  |TAMS 0x00000000c2600000, 0x00000000c2500000| Untracked 
|  38|0x00000000c2600000, 0x00000000c2700000, 0x00000000c2700000|100%| O|  |TAMS 0x00000000c2700000, 0x00000000c2600000| Untracked 
|  39|0x00000000c2700000, 0x00000000c2800000, 0x00000000c2800000|100%| O|  |TAMS 0x00000000c2800000, 0x00000000c2700000| Untracked 
|  40|0x00000000c2800000, 0x00000000c2900000, 0x00000000c2900000|100%| O|  |TAMS 0x00000000c2900000, 0x00000000c2800000| Untracked 
|  41|0x00000000c2900000, 0x00000000c2a00000, 0x00000000c2a00000|100%| O|  |TAMS 0x00000000c2a00000, 0x00000000c2900000| Untracked 
|  42|0x00000000c2a00000, 0x00000000c2b00000, 0x00000000c2b00000|100%| O|  |TAMS 0x00000000c2b00000, 0x00000000c2a00000| Untracked 
|  43|0x00000000c2b00000, 0x00000000c2c00000, 0x00000000c2c00000|100%| O|  |TAMS 0x00000000c2c00000, 0x00000000c2b00000| Untracked 
|  44|0x00000000c2c00000, 0x00000000c2d00000, 0x00000000c2d00000|100%| O|  |TAMS 0x00000000c2d00000, 0x00000000c2c00000| Untracked 
|  45|0x00000000c2d00000, 0x00000000c2e00000, 0x00000000c2e00000|100%| O|  |TAMS 0x00000000c2e00000, 0x00000000c2d00000| Untracked 
|  46|0x00000000c2e00000, 0x00000000c2f00000, 0x00000000c2f00000|100%| O|  |TAMS 0x00000000c2f00000, 0x00000000c2e00000| Untracked 
|  47|0x00000000c2f00000, 0x00000000c3000000, 0x00000000c3000000|100%| O|  |TAMS 0x00000000c3000000, 0x00000000c2f00000| Untracked 
|  48|0x00000000c3000000, 0x00000000c3100000, 0x00000000c3100000|100%|HS|  |TAMS 0x00000000c3100000, 0x00000000c3000000| Complete 
|  49|0x00000000c3100000, 0x00000000c3200000, 0x00000000c3200000|100%| O|  |TAMS 0x00000000c3200000, 0x00000000c3100000| Untracked 
|  50|0x00000000c3200000, 0x00000000c3300000, 0x00000000c3300000|100%| O|  |TAMS 0x00000000c3300000, 0x00000000c3200000| Untracked 
|  51|0x00000000c3300000, 0x00000000c3400000, 0x00000000c3400000|100%| O|  |TAMS 0x00000000c3400000, 0x00000000c3300000| Untracked 
|  52|0x00000000c3400000, 0x00000000c3500000, 0x00000000c3500000|100%| O|  |TAMS 0x00000000c3500000, 0x00000000c3400000| Untracked 
|  53|0x00000000c3500000, 0x00000000c3600000, 0x00000000c3600000|100%| O|  |TAMS 0x00000000c3600000, 0x00000000c3500000| Untracked 
|  54|0x00000000c3600000, 0x00000000c3700000, 0x00000000c3700000|100%| O|  |TAMS 0x00000000c3700000, 0x00000000c3600000| Untracked 
|  55|0x00000000c3700000, 0x00000000c3800000, 0x00000000c3800000|100%| O|  |TAMS 0x00000000c3800000, 0x00000000c3700000| Untracked 
|  56|0x00000000c3800000, 0x00000000c3900000, 0x00000000c3900000|100%| O|  |TAMS 0x00000000c3900000, 0x00000000c3800000| Untracked 
|  57|0x00000000c3900000, 0x00000000c3a00000, 0x00000000c3a00000|100%| O|  |TAMS 0x00000000c3a00000, 0x00000000c3900000| Untracked 
|  58|0x00000000c3a00000, 0x00000000c3b00000, 0x00000000c3b00000|100%| O|  |TAMS 0x00000000c3b00000, 0x00000000c3a00000| Untracked 
|  59|0x00000000c3b00000, 0x00000000c3c00000, 0x00000000c3c00000|100%| O|  |TAMS 0x00000000c3c00000, 0x00000000c3b00000| Untracked 
|  60|0x00000000c3c00000, 0x00000000c3d00000, 0x00000000c3d00000|100%| O|  |TAMS 0x00000000c3d00000, 0x00000000c3c00000| Untracked 
|  61|0x00000000c3d00000, 0x00000000c3e00000, 0x00000000c3e00000|100%| O|  |TAMS 0x00000000c3e00000, 0x00000000c3d00000| Untracked 
|  62|0x00000000c3e00000, 0x00000000c3f00000, 0x00000000c3f00000|100%| O|  |TAMS 0x00000000c3ee8600, 0x00000000c3e00000| Untracked 
|  63|0x00000000c3f00000, 0x00000000c4000000, 0x00000000c4000000|100%|HS|  |TAMS 0x00000000c3f00000, 0x00000000c3f00000| Complete 
|  64|0x00000000c4000000, 0x00000000c4100000, 0x00000000c4100000|100%|HC|  |TAMS 0x00000000c4000000, 0x00000000c4000000| Complete 
|  65|0x00000000c4100000, 0x00000000c4200000, 0x00000000c4200000|100%| O|  |TAMS 0x00000000c4100000, 0x00000000c4100000| Untracked 
|  66|0x00000000c4200000, 0x00000000c4300000, 0x00000000c4300000|100%| O|  |TAMS 0x00000000c4200000, 0x00000000c4200000| Untracked 
|  67|0x00000000c4300000, 0x00000000c4400000, 0x00000000c4400000|100%| O|  |TAMS 0x00000000c4300000, 0x00000000c4300000| Untracked 
|  68|0x00000000c4400000, 0x00000000c4500000, 0x00000000c4500000|100%| O|  |TAMS 0x00000000c4400000, 0x00000000c4400000| Untracked 
|  69|0x00000000c4500000, 0x00000000c4600000, 0x00000000c4600000|100%| O|  |TAMS 0x00000000c4500000, 0x00000000c4500000| Untracked 
|  70|0x00000000c4600000, 0x00000000c4700000, 0x00000000c4700000|100%| O|  |TAMS 0x00000000c4600000, 0x00000000c4600000| Untracked 
|  71|0x00000000c4700000, 0x00000000c4800000, 0x00000000c4800000|100%| O|  |TAMS 0x00000000c4700000, 0x00000000c4700000| Untracked 
|  72|0x00000000c4800000, 0x00000000c4900000, 0x00000000c4900000|100%| O|  |TAMS 0x00000000c4800000, 0x00000000c4800000| Untracked 
|  73|0x00000000c4900000, 0x00000000c4912a00, 0x00000000c4a00000|  7%| O|  |TAMS 0x00000000c4900000, 0x00000000c4900000| Untracked 
|  74|0x00000000c4a00000, 0x00000000c4a00000, 0x00000000c4b00000|  0%| F|  |TAMS 0x00000000c4a00000, 0x00000000c4a00000| Untracked 
|  75|0x00000000c4b00000, 0x00000000c4b00000, 0x00000000c4c00000|  0%| F|  |TAMS 0x00000000c4b00000, 0x00000000c4b00000| Untracked 
|  76|0x00000000c4c00000, 0x00000000c4c00000, 0x00000000c4d00000|  0%| F|  |TAMS 0x00000000c4c00000, 0x00000000c4c00000| Untracked 
|  77|0x00000000c4d00000, 0x00000000c4d00000, 0x00000000c4e00000|  0%| F|  |TAMS 0x00000000c4d00000, 0x00000000c4d00000| Untracked 
|  78|0x00000000c4e00000, 0x00000000c4e00000, 0x00000000c4f00000|  0%| F|  |TAMS 0x00000000c4e00000, 0x00000000c4e00000| Untracked 
|  79|0x00000000c4f00000, 0x00000000c4f00000, 0x00000000c5000000|  0%| F|  |TAMS 0x00000000c4f00000, 0x00000000c4f00000| Untracked 
|  80|0x00000000c5000000, 0x00000000c5000000, 0x00000000c5100000|  0%| F|  |TAMS 0x00000000c5000000, 0x00000000c5000000| Untracked 
|  81|0x00000000c5100000, 0x00000000c5100000, 0x00000000c5200000|  0%| F|  |TAMS 0x00000000c5100000, 0x00000000c5100000| Untracked 
|  82|0x00000000c5200000, 0x00000000c5200000, 0x00000000c5300000|  0%| F|  |TAMS 0x00000000c5200000, 0x00000000c5200000| Untracked 
|  83|0x00000000c5300000, 0x00000000c5300000, 0x00000000c5400000|  0%| F|  |TAMS 0x00000000c5300000, 0x00000000c5300000| Untracked 
|  84|0x00000000c5400000, 0x00000000c5400000, 0x00000000c5500000|  0%| F|  |TAMS 0x00000000c5400000, 0x00000000c5400000| Untracked 
|  85|0x00000000c5500000, 0x00000000c5500000, 0x00000000c5600000|  0%| F|  |TAMS 0x00000000c5500000, 0x00000000c5500000| Untracked 
|  86|0x00000000c5600000, 0x00000000c5600000, 0x00000000c5700000|  0%| F|  |TAMS 0x00000000c5600000, 0x00000000c5600000| Untracked 
|  87|0x00000000c5700000, 0x00000000c5700000, 0x00000000c5800000|  0%| F|  |TAMS 0x00000000c5700000, 0x00000000c5700000| Untracked 
|  88|0x00000000c5800000, 0x00000000c5800000, 0x00000000c5900000|  0%| F|  |TAMS 0x00000000c5800000, 0x00000000c5800000| Untracked 
|  89|0x00000000c5900000, 0x00000000c5900000, 0x00000000c5a00000|  0%| F|  |TAMS 0x00000000c5900000, 0x00000000c5900000| Untracked 
|  90|0x00000000c5a00000, 0x00000000c5a00000, 0x00000000c5b00000|  0%| F|  |TAMS 0x00000000c5a00000, 0x00000000c5a00000| Untracked 
|  91|0x00000000c5b00000, 0x00000000c5b00000, 0x00000000c5c00000|  0%| F|  |TAMS 0x00000000c5b00000, 0x00000000c5b00000| Untracked 
|  92|0x00000000c5c00000, 0x00000000c5c00000, 0x00000000c5d00000|  0%| F|  |TAMS 0x00000000c5c00000, 0x00000000c5c00000| Untracked 
|  93|0x00000000c5d00000, 0x00000000c5d00000, 0x00000000c5e00000|  0%| F|  |TAMS 0x00000000c5d00000, 0x00000000c5d00000| Untracked 
|  94|0x00000000c5e00000, 0x00000000c5e00000, 0x00000000c5f00000|  0%| F|  |TAMS 0x00000000c5e00000, 0x00000000c5e00000| Untracked 
|  95|0x00000000c5f00000, 0x00000000c5f00000, 0x00000000c6000000|  0%| F|  |TAMS 0x00000000c5f00000, 0x00000000c5f00000| Untracked 
|  96|0x00000000c6000000, 0x00000000c6000000, 0x00000000c6100000|  0%| F|  |TAMS 0x00000000c6000000, 0x00000000c6000000| Untracked 
|  97|0x00000000c6100000, 0x00000000c6100000, 0x00000000c6200000|  0%| F|  |TAMS 0x00000000c6100000, 0x00000000c6100000| Untracked 
|  98|0x00000000c6200000, 0x00000000c6200000, 0x00000000c6300000|  0%| F|  |TAMS 0x00000000c6200000, 0x00000000c6200000| Untracked 
|  99|0x00000000c6300000, 0x00000000c6300000, 0x00000000c6400000|  0%| F|  |TAMS 0x00000000c6300000, 0x00000000c6300000| Untracked 
| 100|0x00000000c6400000, 0x00000000c6400000, 0x00000000c6500000|  0%| F|  |TAMS 0x00000000c6400000, 0x00000000c6400000| Untracked 
| 101|0x00000000c6500000, 0x00000000c6500000, 0x00000000c6600000|  0%| F|  |TAMS 0x00000000c6500000, 0x00000000c6500000| Untracked 
| 102|0x00000000c6600000, 0x00000000c6600000, 0x00000000c6700000|  0%| F|  |TAMS 0x00000000c6600000, 0x00000000c6600000| Untracked 
| 103|0x00000000c6700000, 0x00000000c6700000, 0x00000000c6800000|  0%| F|  |TAMS 0x00000000c6700000, 0x00000000c6700000| Untracked 
| 104|0x00000000c6800000, 0x00000000c6800000, 0x00000000c6900000|  0%| F|  |TAMS 0x00000000c6800000, 0x00000000c6800000| Untracked 
| 105|0x00000000c6900000, 0x00000000c6900000, 0x00000000c6a00000|  0%| F|  |TAMS 0x00000000c6900000, 0x00000000c6900000| Untracked 
| 106|0x00000000c6a00000, 0x00000000c6a00000, 0x00000000c6b00000|  0%| F|  |TAMS 0x00000000c6a00000, 0x00000000c6a00000| Untracked 
| 107|0x00000000c6b00000, 0x00000000c6b00000, 0x00000000c6c00000|  0%| F|  |TAMS 0x00000000c6b00000, 0x00000000c6b00000| Untracked 
| 108|0x00000000c6c00000, 0x00000000c6c00000, 0x00000000c6d00000|  0%| F|  |TAMS 0x00000000c6c00000, 0x00000000c6c00000| Untracked 
| 109|0x00000000c6d00000, 0x00000000c6d00000, 0x00000000c6e00000|  0%| F|  |TAMS 0x00000000c6d00000, 0x00000000c6d00000| Untracked 
| 110|0x00000000c6e00000, 0x00000000c6e00000, 0x00000000c6f00000|  0%| F|  |TAMS 0x00000000c6e00000, 0x00000000c6e00000| Untracked 
| 111|0x00000000c6f00000, 0x00000000c6f00000, 0x00000000c7000000|  0%| F|  |TAMS 0x00000000c6f00000, 0x00000000c6f00000| Untracked 
| 112|0x00000000c7000000, 0x00000000c7000000, 0x00000000c7100000|  0%| F|  |TAMS 0x00000000c7000000, 0x00000000c7000000| Untracked 
| 113|0x00000000c7100000, 0x00000000c7100000, 0x00000000c7200000|  0%| F|  |TAMS 0x00000000c7100000, 0x00000000c7100000| Untracked 
| 114|0x00000000c7200000, 0x00000000c7200000, 0x00000000c7300000|  0%| F|  |TAMS 0x00000000c7200000, 0x00000000c7200000| Untracked 
| 115|0x00000000c7300000, 0x00000000c7300000, 0x00000000c7400000|  0%| F|  |TAMS 0x00000000c7300000, 0x00000000c7300000| Untracked 
| 116|0x00000000c7400000, 0x00000000c7400000, 0x00000000c7500000|  0%| F|  |TAMS 0x00000000c7400000, 0x00000000c7400000| Untracked 
| 117|0x00000000c7500000, 0x00000000c7500000, 0x00000000c7600000|  0%| F|  |TAMS 0x00000000c7500000, 0x00000000c7500000| Untracked 
| 118|0x00000000c7600000, 0x00000000c7600000, 0x00000000c7700000|  0%| F|  |TAMS 0x00000000c7600000, 0x00000000c7600000| Untracked 
| 119|0x00000000c7700000, 0x00000000c7700000, 0x00000000c7800000|  0%| F|  |TAMS 0x00000000c7700000, 0x00000000c7700000| Untracked 
| 120|0x00000000c7800000, 0x00000000c7800000, 0x00000000c7900000|  0%| F|  |TAMS 0x00000000c7800000, 0x00000000c7800000| Untracked 
| 121|0x00000000c7900000, 0x00000000c7900000, 0x00000000c7a00000|  0%| F|  |TAMS 0x00000000c7900000, 0x00000000c7900000| Untracked 
| 122|0x00000000c7a00000, 0x00000000c7a00000, 0x00000000c7b00000|  0%| F|  |TAMS 0x00000000c7a00000, 0x00000000c7a00000| Untracked 
| 123|0x00000000c7b00000, 0x00000000c7b00000, 0x00000000c7c00000|  0%| F|  |TAMS 0x00000000c7b00000, 0x00000000c7b00000| Untracked 
| 124|0x00000000c7c00000, 0x00000000c7c00000, 0x00000000c7d00000|  0%| F|  |TAMS 0x00000000c7c00000, 0x00000000c7c00000| Untracked 
| 125|0x00000000c7d00000, 0x00000000c7d00000, 0x00000000c7e00000|  0%| F|  |TAMS 0x00000000c7d00000, 0x00000000c7d00000| Untracked 
| 126|0x00000000c7e00000, 0x00000000c7e00000, 0x00000000c7f00000|  0%| F|  |TAMS 0x00000000c7e00000, 0x00000000c7e00000| Untracked 
| 127|0x00000000c7f00000, 0x00000000c7f00000, 0x00000000c8000000|  0%| F|  |TAMS 0x00000000c7f00000, 0x00000000c7f00000| Untracked 
| 128|0x00000000c8000000, 0x00000000c8000000, 0x00000000c8100000|  0%| F|  |TAMS 0x00000000c8000000, 0x00000000c8000000| Untracked 
| 129|0x00000000c8100000, 0x00000000c8100000, 0x00000000c8200000|  0%| F|  |TAMS 0x00000000c8100000, 0x00000000c8100000| Untracked 
| 130|0x00000000c8200000, 0x00000000c8200000, 0x00000000c8300000|  0%| F|  |TAMS 0x00000000c8200000, 0x00000000c8200000| Untracked 
| 131|0x00000000c8300000, 0x00000000c8300000, 0x00000000c8400000|  0%| F|  |TAMS 0x00000000c8300000, 0x00000000c8300000| Untracked 
| 132|0x00000000c8400000, 0x00000000c8400000, 0x00000000c8500000|  0%| F|  |TAMS 0x00000000c8400000, 0x00000000c8400000| Untracked 
| 133|0x00000000c8500000, 0x00000000c8500000, 0x00000000c8600000|  0%| F|  |TAMS 0x00000000c8500000, 0x00000000c8500000| Untracked 
| 134|0x00000000c8600000, 0x00000000c8600000, 0x00000000c8700000|  0%| F|  |TAMS 0x00000000c8600000, 0x00000000c8600000| Untracked 
| 135|0x00000000c8700000, 0x00000000c8700000, 0x00000000c8800000|  0%| F|  |TAMS 0x00000000c8700000, 0x00000000c8700000| Untracked 
| 136|0x00000000c8800000, 0x00000000c8800000, 0x00000000c8900000|  0%| F|  |TAMS 0x00000000c8800000, 0x00000000c8800000| Untracked 
| 137|0x00000000c8900000, 0x00000000c8900000, 0x00000000c8a00000|  0%| F|  |TAMS 0x00000000c8900000, 0x00000000c8900000| Untracked 
| 138|0x00000000c8a00000, 0x00000000c8a00000, 0x00000000c8b00000|  0%| F|  |TAMS 0x00000000c8a00000, 0x00000000c8a00000| Untracked 
| 139|0x00000000c8b00000, 0x00000000c8b00000, 0x00000000c8c00000|  0%| F|  |TAMS 0x00000000c8b00000, 0x00000000c8b00000| Untracked 
| 140|0x00000000c8c00000, 0x00000000c8c00000, 0x00000000c8d00000|  0%| F|  |TAMS 0x00000000c8c00000, 0x00000000c8c00000| Untracked 
| 141|0x00000000c8d00000, 0x00000000c8d00000, 0x00000000c8e00000|  0%| F|  |TAMS 0x00000000c8d00000, 0x00000000c8d00000| Untracked 
| 142|0x00000000c8e00000, 0x00000000c8e00000, 0x00000000c8f00000|  0%| F|  |TAMS 0x00000000c8e00000, 0x00000000c8e00000| Untracked 
| 143|0x00000000c8f00000, 0x00000000c8f00000, 0x00000000c9000000|  0%| F|  |TAMS 0x00000000c8f00000, 0x00000000c8f00000| Untracked 
| 144|0x00000000c9000000, 0x00000000c9000000, 0x00000000c9100000|  0%| F|  |TAMS 0x00000000c9000000, 0x00000000c9000000| Untracked 
| 145|0x00000000c9100000, 0x00000000c9100000, 0x00000000c9200000|  0%| F|  |TAMS 0x00000000c9100000, 0x00000000c9100000| Untracked 
| 146|0x00000000c9200000, 0x00000000c9200000, 0x00000000c9300000|  0%| F|  |TAMS 0x00000000c9200000, 0x00000000c9200000| Untracked 
| 147|0x00000000c9300000, 0x00000000c9300000, 0x00000000c9400000|  0%| F|  |TAMS 0x00000000c9300000, 0x00000000c9300000| Untracked 
| 148|0x00000000c9400000, 0x00000000c9400000, 0x00000000c9500000|  0%| F|  |TAMS 0x00000000c9400000, 0x00000000c9400000| Untracked 
| 149|0x00000000c9500000, 0x00000000c9500000, 0x00000000c9600000|  0%| F|  |TAMS 0x00000000c9500000, 0x00000000c9500000| Untracked 
| 150|0x00000000c9600000, 0x00000000c9600000, 0x00000000c9700000|  0%| F|  |TAMS 0x00000000c9600000, 0x00000000c9600000| Untracked 
| 151|0x00000000c9700000, 0x00000000c9700000, 0x00000000c9800000|  0%| F|  |TAMS 0x00000000c9700000, 0x00000000c9700000| Untracked 
| 152|0x00000000c9800000, 0x00000000c9800000, 0x00000000c9900000|  0%| F|  |TAMS 0x00000000c9800000, 0x00000000c9800000| Untracked 
| 153|0x00000000c9900000, 0x00000000c9900000, 0x00000000c9a00000|  0%| F|  |TAMS 0x00000000c9900000, 0x00000000c9900000| Untracked 
| 154|0x00000000c9a00000, 0x00000000c9a00000, 0x00000000c9b00000|  0%| F|  |TAMS 0x00000000c9a00000, 0x00000000c9a00000| Untracked 
| 155|0x00000000c9b00000, 0x00000000c9b00000, 0x00000000c9c00000|  0%| F|  |TAMS 0x00000000c9b00000, 0x00000000c9b00000| Untracked 
| 156|0x00000000c9c00000, 0x00000000c9c00000, 0x00000000c9d00000|  0%| F|  |TAMS 0x00000000c9c00000, 0x00000000c9c00000| Untracked 
| 157|0x00000000c9d00000, 0x00000000c9d00000, 0x00000000c9e00000|  0%| F|  |TAMS 0x00000000c9d00000, 0x00000000c9d00000| Untracked 
| 158|0x00000000c9e00000, 0x00000000c9e00000, 0x00000000c9f00000|  0%| F|  |TAMS 0x00000000c9e00000, 0x00000000c9e00000| Untracked 
| 159|0x00000000c9f00000, 0x00000000c9f00000, 0x00000000ca000000|  0%| F|  |TAMS 0x00000000c9f00000, 0x00000000c9f00000| Untracked 
| 160|0x00000000ca000000, 0x00000000ca000000, 0x00000000ca100000|  0%| F|  |TAMS 0x00000000ca000000, 0x00000000ca000000| Untracked 
| 161|0x00000000ca100000, 0x00000000ca100000, 0x00000000ca200000|  0%| F|  |TAMS 0x00000000ca100000, 0x00000000ca100000| Untracked 
| 162|0x00000000ca200000, 0x00000000ca200000, 0x00000000ca300000|  0%| F|  |TAMS 0x00000000ca200000, 0x00000000ca200000| Untracked 
| 163|0x00000000ca300000, 0x00000000ca300000, 0x00000000ca400000|  0%| F|  |TAMS 0x00000000ca300000, 0x00000000ca300000| Untracked 
| 164|0x00000000ca400000, 0x00000000ca400000, 0x00000000ca500000|  0%| F|  |TAMS 0x00000000ca400000, 0x00000000ca400000| Untracked 
| 165|0x00000000ca500000, 0x00000000ca500000, 0x00000000ca600000|  0%| F|  |TAMS 0x00000000ca500000, 0x00000000ca500000| Untracked 
| 166|0x00000000ca600000, 0x00000000ca600000, 0x00000000ca700000|  0%| F|  |TAMS 0x00000000ca600000, 0x00000000ca600000| Untracked 
| 167|0x00000000ca700000, 0x00000000ca700000, 0x00000000ca800000|  0%| F|  |TAMS 0x00000000ca700000, 0x00000000ca700000| Untracked 
| 168|0x00000000ca800000, 0x00000000ca800000, 0x00000000ca900000|  0%| F|  |TAMS 0x00000000ca800000, 0x00000000ca800000| Untracked 
| 169|0x00000000ca900000, 0x00000000ca900000, 0x00000000caa00000|  0%| F|  |TAMS 0x00000000ca900000, 0x00000000ca900000| Untracked 
| 170|0x00000000caa00000, 0x00000000caa00000, 0x00000000cab00000|  0%| F|  |TAMS 0x00000000caa00000, 0x00000000caa00000| Untracked 
| 171|0x00000000cab00000, 0x00000000cab00000, 0x00000000cac00000|  0%| F|  |TAMS 0x00000000cab00000, 0x00000000cab00000| Untracked 
| 172|0x00000000cac00000, 0x00000000cac00000, 0x00000000cad00000|  0%| F|  |TAMS 0x00000000cac00000, 0x00000000cac00000| Untracked 
| 173|0x00000000cad00000, 0x00000000cad00000, 0x00000000cae00000|  0%| F|  |TAMS 0x00000000cad00000, 0x00000000cad00000| Untracked 
| 174|0x00000000cae00000, 0x00000000cae00000, 0x00000000caf00000|  0%| F|  |TAMS 0x00000000cae00000, 0x00000000cae00000| Untracked 
| 175|0x00000000caf00000, 0x00000000caf00000, 0x00000000cb000000|  0%| F|  |TAMS 0x00000000caf00000, 0x00000000caf00000| Untracked 
| 176|0x00000000cb000000, 0x00000000cb000000, 0x00000000cb100000|  0%| F|  |TAMS 0x00000000cb000000, 0x00000000cb000000| Untracked 
| 177|0x00000000cb100000, 0x00000000cb100000, 0x00000000cb200000|  0%| F|  |TAMS 0x00000000cb100000, 0x00000000cb100000| Untracked 
| 178|0x00000000cb200000, 0x00000000cb200000, 0x00000000cb300000|  0%| F|  |TAMS 0x00000000cb200000, 0x00000000cb200000| Untracked 
| 179|0x00000000cb300000, 0x00000000cb300000, 0x00000000cb400000|  0%| F|  |TAMS 0x00000000cb300000, 0x00000000cb300000| Untracked 
| 180|0x00000000cb400000, 0x00000000cb400000, 0x00000000cb500000|  0%| F|  |TAMS 0x00000000cb400000, 0x00000000cb400000| Untracked 
| 181|0x00000000cb500000, 0x00000000cb500000, 0x00000000cb600000|  0%| F|  |TAMS 0x00000000cb500000, 0x00000000cb500000| Untracked 
| 182|0x00000000cb600000, 0x00000000cb600000, 0x00000000cb700000|  0%| F|  |TAMS 0x00000000cb600000, 0x00000000cb600000| Untracked 
| 183|0x00000000cb700000, 0x00000000cb700000, 0x00000000cb800000|  0%| F|  |TAMS 0x00000000cb700000, 0x00000000cb700000| Untracked 
| 184|0x00000000cb800000, 0x00000000cb800000, 0x00000000cb900000|  0%| F|  |TAMS 0x00000000cb800000, 0x00000000cb800000| Untracked 
| 185|0x00000000cb900000, 0x00000000cb900000, 0x00000000cba00000|  0%| F|  |TAMS 0x00000000cb900000, 0x00000000cb900000| Untracked 
| 186|0x00000000cba00000, 0x00000000cba00000, 0x00000000cbb00000|  0%| F|  |TAMS 0x00000000cba00000, 0x00000000cba00000| Untracked 
| 187|0x00000000cbb00000, 0x00000000cbb00000, 0x00000000cbc00000|  0%| F|  |TAMS 0x00000000cbb00000, 0x00000000cbb00000| Untracked 
| 188|0x00000000cbc00000, 0x00000000cbc00000, 0x00000000cbd00000|  0%| F|  |TAMS 0x00000000cbc00000, 0x00000000cbc00000| Untracked 
| 189|0x00000000cbd00000, 0x00000000cbd00000, 0x00000000cbe00000|  0%| F|  |TAMS 0x00000000cbd00000, 0x00000000cbd00000| Untracked 
| 190|0x00000000cbe00000, 0x00000000cbe00000, 0x00000000cbf00000|  0%| F|  |TAMS 0x00000000cbe00000, 0x00000000cbe00000| Untracked 
| 191|0x00000000cbf00000, 0x00000000cbf00000, 0x00000000cc000000|  0%| F|  |TAMS 0x00000000cbf00000, 0x00000000cbf00000| Untracked 
| 192|0x00000000cc000000, 0x00000000cc000000, 0x00000000cc100000|  0%| F|  |TAMS 0x00000000cc000000, 0x00000000cc000000| Untracked 
| 193|0x00000000cc100000, 0x00000000cc100000, 0x00000000cc200000|  0%| F|  |TAMS 0x00000000cc100000, 0x00000000cc100000| Untracked 
| 194|0x00000000cc200000, 0x00000000cc200000, 0x00000000cc300000|  0%| F|  |TAMS 0x00000000cc200000, 0x00000000cc200000| Untracked 
| 195|0x00000000cc300000, 0x00000000cc300000, 0x00000000cc400000|  0%| F|  |TAMS 0x00000000cc300000, 0x00000000cc300000| Untracked 
| 196|0x00000000cc400000, 0x00000000cc400000, 0x00000000cc500000|  0%| F|  |TAMS 0x00000000cc400000, 0x00000000cc400000| Untracked 
| 197|0x00000000cc500000, 0x00000000cc500000, 0x00000000cc600000|  0%| F|  |TAMS 0x00000000cc500000, 0x00000000cc500000| Untracked 
| 198|0x00000000cc600000, 0x00000000cc600000, 0x00000000cc700000|  0%| F|  |TAMS 0x00000000cc600000, 0x00000000cc600000| Untracked 
| 199|0x00000000cc700000, 0x00000000cc700000, 0x00000000cc800000|  0%| F|  |TAMS 0x00000000cc700000, 0x00000000cc700000| Untracked 
| 200|0x00000000cc800000, 0x00000000cc800000, 0x00000000cc900000|  0%| F|  |TAMS 0x00000000cc800000, 0x00000000cc800000| Untracked 
| 201|0x00000000cc900000, 0x00000000cc900000, 0x00000000cca00000|  0%| F|  |TAMS 0x00000000cc900000, 0x00000000cc900000| Untracked 
| 202|0x00000000cca00000, 0x00000000cca00000, 0x00000000ccb00000|  0%| F|  |TAMS 0x00000000cca00000, 0x00000000cca00000| Untracked 
| 203|0x00000000ccb00000, 0x00000000ccb00000, 0x00000000ccc00000|  0%| F|  |TAMS 0x00000000ccb00000, 0x00000000ccb00000| Untracked 
| 204|0x00000000ccc00000, 0x00000000ccc00000, 0x00000000ccd00000|  0%| F|  |TAMS 0x00000000ccc00000, 0x00000000ccc00000| Untracked 
| 205|0x00000000ccd00000, 0x00000000ccd00000, 0x00000000cce00000|  0%| F|  |TAMS 0x00000000ccd00000, 0x00000000ccd00000| Untracked 
| 206|0x00000000cce00000, 0x00000000cce00000, 0x00000000ccf00000|  0%| F|  |TAMS 0x00000000cce00000, 0x00000000cce00000| Untracked 
| 207|0x00000000ccf00000, 0x00000000ccf00000, 0x00000000cd000000|  0%| F|  |TAMS 0x00000000ccf00000, 0x00000000ccf00000| Untracked 
| 208|0x00000000cd000000, 0x00000000cd000000, 0x00000000cd100000|  0%| F|  |TAMS 0x00000000cd000000, 0x00000000cd000000| Untracked 
| 209|0x00000000cd100000, 0x00000000cd100000, 0x00000000cd200000|  0%| F|  |TAMS 0x00000000cd100000, 0x00000000cd100000| Untracked 
| 210|0x00000000cd200000, 0x00000000cd200000, 0x00000000cd300000|  0%| F|  |TAMS 0x00000000cd200000, 0x00000000cd200000| Untracked 
| 211|0x00000000cd300000, 0x00000000cd328e10, 0x00000000cd400000| 15%| S|CS|TAMS 0x00000000cd300000, 0x00000000cd300000| Complete 
| 212|0x00000000cd400000, 0x00000000cd500000, 0x00000000cd500000|100%| S|CS|TAMS 0x00000000cd400000, 0x00000000cd400000| Complete 
| 213|0x00000000cd500000, 0x00000000cd500000, 0x00000000cd600000|  0%| F|  |TAMS 0x00000000cd500000, 0x00000000cd500000| Untracked 
| 214|0x00000000cd600000, 0x00000000cd600000, 0x00000000cd700000|  0%| F|  |TAMS 0x00000000cd600000, 0x00000000cd600000| Untracked 
| 215|0x00000000cd700000, 0x00000000cd700000, 0x00000000cd800000|  0%| F|  |TAMS 0x00000000cd700000, 0x00000000cd700000| Untracked 
| 216|0x00000000cd800000, 0x00000000cd800000, 0x00000000cd900000|  0%| F|  |TAMS 0x00000000cd800000, 0x00000000cd800000| Untracked 
| 217|0x00000000cd900000, 0x00000000cd900000, 0x00000000cda00000|  0%| F|  |TAMS 0x00000000cd900000, 0x00000000cd900000| Untracked 
| 218|0x00000000cda00000, 0x00000000cda00000, 0x00000000cdb00000|  0%| F|  |TAMS 0x00000000cda00000, 0x00000000cda00000| Untracked 
| 219|0x00000000cdb00000, 0x00000000cdb00000, 0x00000000cdc00000|  0%| F|  |TAMS 0x00000000cdb00000, 0x00000000cdb00000| Untracked 
| 220|0x00000000cdc00000, 0x00000000cdc00000, 0x00000000cdd00000|  0%| F|  |TAMS 0x00000000cdc00000, 0x00000000cdc00000| Untracked 
| 221|0x00000000cdd00000, 0x00000000cdd00000, 0x00000000cde00000|  0%| F|  |TAMS 0x00000000cdd00000, 0x00000000cdd00000| Untracked 
|1022|0x00000000ffe00000, 0x00000000ffe34000, 0x00000000fff00000| 20%|OA|  |TAMS 0x00000000ffe34000, 0x00000000ffe00000| Untracked 
|1023|0x00000000fff00000, 0x00000000fff6a000, 0x0000000100000000| 41%|CA|  |TAMS 0x00000000fff6a000, 0x00000000fff00000| Untracked 

Card table byte_map: [0x00007faffc455000,0x00007faffc655000] _byte_map_base: 0x00007faffbe55000

Marking Bits (Prev, Next): (CMBitMap*) 0x00007fb01403f748, (CMBitMap*) 0x00007fb01403f780
 Prev Bits: [0x00007faff7000000, 0x00007faff8000000)
 Next Bits: [0x00007faff6000000, 0x00007faff7000000)

Polling page: 0x00007fb01c4fb000

Metaspace:

Usage:
  Non-class:     36,84 MB capacity,    35,39 MB ( 96%) used,     1,37 MB (  4%) free+waste,    79,38 KB ( <1%) overhead. 
      Class:      5,09 MB capacity,     4,22 MB ( 83%) used,   855,89 KB ( 16%) free+waste,    38,88 KB ( <1%) overhead. 
       Both:     41,94 MB capacity,    39,62 MB ( 94%) used,     2,21 MB (  5%) free+waste,   118,25 KB ( <1%) overhead. 

Virtual space:
  Non-class space:       38,00 MB reserved,      37,00 MB ( 97%) committed 
      Class space:        1,00 GB reserved,       5,12 MB ( <1%) committed 
             Both:        1,04 GB reserved,      42,12 MB (  4%) committed 

Chunk freelists:
   Non-Class:  146,00 KB
       Class:  0 bytes
        Both:  146,00 KB

CodeHeap 'non-profiled nmethods': size=120032Kb used=2549Kb max_used=2549Kb free=117483Kb
 bounds [0x00007fb00441e000, 0x00007fb00469e000, 0x00007fb00b956000]
CodeHeap 'profiled nmethods': size=120032Kb used=11238Kb max_used=11238Kb free=108793Kb
 bounds [0x00007faffcee6000, 0x00007faffd9f6000, 0x00007fb00441e000]
CodeHeap 'non-nmethods': size=5696Kb used=1253Kb max_used=1315Kb free=4443Kb
 bounds [0x00007faffc956000, 0x00007faffcbc6000, 0x00007faffcee6000]
 total_blobs=7011 nmethods=4729 adapters=541
 compilation: enabled
              stopped_count=0, restarted_count=0
 full_count=0

Compilation events (10 events):
Event: 40,084 Thread 0x00007fb014149000 nmethod 5314 0x00007faffd9e0290 code [0x00007faffd9e0480, 0x00007faffd9e0978]
Event: 40,084 Thread 0x00007fb014149000 5315       2       org.eclipse.jdt.internal.compiler.classfmt.AnnotationInfo::decodeDefaultValue (902 bytes)
Event: 40,351 Thread 0x00007fb014149000 nmethod 5315 0x00007faffd9e0c10 code [0x00007faffd9e10c0, 0x00007faffd9e2d08]
Event: 40,785 Thread 0x00007fb014149000 5319 %     3       jdk.internal.jrtfs.JrtFileSystem::getPath @ 40 (102 bytes)
Event: 44,726 Thread 0x00007fb014149000 nmethod 5319% 0x00007faffd9e3e90 code [0x00007faffd9e41a0, 0x00007faffd9e53b8]
Event: 47,404 Thread 0x00007fb014149000 5320       2       org.eclipse.jdt.internal.core.search.indexing.BinaryIndexer::addPairValue (132 bytes)
Event: 48,030 Thread 0x00007fb014147000 nmethod 5287 0x00007fb004684290 code [0x00007fb004684d00, 0x00007fb004691618]
Event: 48,767 Thread 0x00007fb014147000 5317       4       org.eclipse.jdt.internal.compiler.classfmt.MethodInfo::decodeCodeAttribute (147 bytes)
Event: 51,692 Thread 0x00007fb014149000 nmethod 5320 0x00007faffd9e5a90 code [0x00007faffd9e5d20, 0x00007faffd9e6448]
Event: 51,819 Thread 0x00007fb014149000 5322 % !   2       org.eclipse.jdt.internal.core.search.indexing.BinaryIndexer::indexDocument @ 465 (1104 bytes)

GC Heap History (10 events):
Event: 39,710 GC heap after
{Heap after GC invocations=20 (full 0):
 garbage-first heap   total 115712K, used 65177K [0x00000000c0000000, 0x0000000100000000)
  region size 1024K, 4 young (4096K), 4 survivors (4096K)
 Metaspace       used 40536K, capacity 42932K, committed 43136K, reserved 1087488K
  class space    used 4317K, capacity 5216K, committed 5248K, reserved 1048576K
}
Event: 40,164 GC heap before
{Heap before GC invocations=20 (full 0):
 garbage-first heap   total 115712K, used 91801K [0x00000000c0000000, 0x0000000100000000)
  region size 1024K, 31 young (31744K), 4 survivors (4096K)
 Metaspace       used 40551K, capacity 42936K, committed 43136K, reserved 1087488K
  class space    used 4319K, capacity 5216K, committed 5248K, reserved 1048576K
}
Event: 40,263 GC heap after
{Heap after GC invocations=21 (full 0):
 garbage-first heap   total 229376K, used 68273K [0x00000000c0000000, 0x0000000100000000)
  region size 1024K, 4 young (4096K), 4 survivors (4096K)
 Metaspace       used 40551K, capacity 42936K, committed 43136K, reserved 1087488K
  class space    used 4319K, capacity 5216K, committed 5248K, reserved 1048576K
}
Event: 41,450 GC heap before
{Heap before GC invocations=22 (full 0):
 garbage-first heap   total 229376K, used 95921K [0x00000000c0000000, 0x0000000100000000)
  region size 1024K, 29 young (29696K), 4 survivors (4096K)
 Metaspace       used 40558K, capacity 42939K, committed 43136K, reserved 1087488K
  class space    used 4320K, capacity 5217K, committed 5248K, reserved 1048576K
}
Event: 43,665 GC heap after
{Heap after GC invocations=23 (full 0):
 garbage-first heap   total 229376K, used 73636K [0x00000000c0000000, 0x0000000100000000)
  region size 1024K, 4 young (4096K), 4 survivors (4096K)
 Metaspace       used 40558K, capacity 42939K, committed 43136K, reserved 1087488K
  class space    used 4320K, capacity 5217K, committed 5248K, reserved 1048576K
}
Event: 47,600 GC heap before
{Heap before GC invocations=23 (full 0):
 garbage-first heap   total 229376K, used 80804K [0x00000000c0000000, 0x0000000100000000)
  region size 1024K, 11 young (11264K), 4 survivors (4096K)
 Metaspace       used 40559K, capacity 42939K, committed 43136K, reserved 1087488K
  class space    used 4320K, capacity 5217K, committed 5248K, reserved 1048576K
}
Event: 48,009 GC heap after
{Heap after GC invocations=24 (full 0):
 garbage-first heap   total 229376K, used 74659K [0x00000000c0000000, 0x0000000100000000)
  region size 1024K, 1 young (1024K), 1 survivors (1024K)
 Metaspace       used 40559K, capacity 42939K, committed 43136K, reserved 1087488K
  class space    used 4320K, capacity 5217K, committed 5248K, reserved 1048576K
}
Event: 51,152 GC heap before
{Heap before GC invocations=24 (full 0):
 garbage-first heap   total 229376K, used 84899K [0x00000000c0000000, 0x0000000100000000)
  region size 1024K, 11 young (11264K), 1 survivors (1024K)
 Metaspace       used 40564K, capacity 42939K, committed 43136K, reserved 1087488K
  class space    used 4321K, capacity 5217K, committed 5248K, reserved 1048576K
}
Event: 51,651 GC heap after
{Heap after GC invocations=25 (full 0):
 garbage-first heap   total 229376K, used 75556K [0x00000000c0000000, 0x0000000100000000)
  region size 1024K, 2 young (2048K), 2 survivors (2048K)
 Metaspace       used 40564K, capacity 42939K, committed 43136K, reserved 1087488K
  class space    used 4321K, capacity 5217K, committed 5248K, reserved 1048576K
}
Event: 52,592 GC heap before
{Heap before GC invocations=25 (full 0):
 garbage-first heap   total 229376K, used 84772K [0x00000000c0000000, 0x0000000100000000)
  region size 1024K, 11 young (11264K), 2 survivors (2048K)
 Metaspace       used 40566K, capacity 42943K, committed 43136K, reserved 1087488K
  class space    used 4322K, capacity 5217K, committed 5248K, reserved 1048576K
}

Deoptimization events (10 events):
Event: 39,407 Thread 0x00007faf9c1ae800 DEOPT PACKING pc=0x00007faffd9b3092 sp=0x00007fafecbd7f90
Event: 39,407 Thread 0x00007faf9c1ae800 DEOPT UNPACKING pc=0x00007faffc97e83a sp=0x00007fafecbd7548 mode 0
Event: 39,438 Thread 0x00007faf9c1ae800 DEOPT PACKING pc=0x00007faffd9b3092 sp=0x00007fafecbd7f90
Event: 39,438 Thread 0x00007faf9c1ae800 DEOPT UNPACKING pc=0x00007faffc97e83a sp=0x00007fafecbd7548 mode 0
Event: 39,494 Thread 0x00007faf9c1ae800 DEOPT PACKING pc=0x00007faffd9b3092 sp=0x00007fafecbd7f90
Event: 39,494 Thread 0x00007faf9c1ae800 DEOPT UNPACKING pc=0x00007faffc97e83a sp=0x00007fafecbd7548 mode 0
Event: 39,520 Thread 0x00007faf9c1ae800 DEOPT PACKING pc=0x00007faffd9b3092 sp=0x00007fafecbd7f90
Event: 39,520 Thread 0x00007faf9c1ae800 DEOPT UNPACKING pc=0x00007faffc97e83a sp=0x00007fafecbd7548 mode 0
Event: 39,574 Thread 0x00007faf9c1ae800 DEOPT PACKING pc=0x00007faffd9b3092 sp=0x00007fafecbd7f90
Event: 39,574 Thread 0x00007faf9c1ae800 DEOPT UNPACKING pc=0x00007faffc97e83a sp=0x00007fafecbd7548 mode 0

Classes redefined (0 events):
No events

Internal exceptions (10 events):
Event: 30,186 Thread 0x00007faf94032800 Exception <a 'java/io/FileNotFoundException'{0x00000000c33ce3c0}> (0x00000000c33ce3c0) thrown at [/build/openjdk-lts-7bqZff/openjdk-lts-11.0.4+11/src/hotspot/share/prims/jni.cpp, line 615]
Event: 30,639 Thread 0x00007faf94032800 Exception <a 'java/io/FileNotFoundException'{0x00000000c5a51290}> (0x00000000c5a51290) thrown at [/build/openjdk-lts-7bqZff/openjdk-lts-11.0.4+11/src/hotspot/share/prims/jni.cpp, line 615]
Event: 30,640 Thread 0x00007faf94032800 Exception <a 'java/io/FileNotFoundException'{0x00000000c5a52748}> (0x00000000c5a52748) thrown at [/build/openjdk-lts-7bqZff/openjdk-lts-11.0.4+11/src/hotspot/share/prims/jni.cpp, line 615]
Event: 32,421 Thread 0x00007faf9c1ae800 Implicit null exception at 0x00007fb0045dfddf to 0x00007fb0045dff0a
Event: 33,875 Thread 0x00007faf94001800 Exception <a 'sun/nio/fs/UnixException'{0x00000000c6e0cf98}> (0x00000000c6e0cf98) thrown at [/build/openjdk-lts-7bqZff/openjdk-lts-11.0.4+11/src/hotspot/share/prims/jni.cpp, line 615]
Event: 35,393 Thread 0x00007fb014481800 Exception <a 'sun/nio/fs/UnixException'{0x00000000c6e7f390}> (0x00000000c6e7f390) thrown at [/build/openjdk-lts-7bqZff/openjdk-lts-11.0.4+11/src/hotspot/share/prims/jni.cpp, line 615]
Event: 35,408 Thread 0x00007fb014481800 Exception <a 'sun/nio/fs/UnixException'{0x00000000c6e926e8}> (0x00000000c6e926e8) thrown at [/build/openjdk-lts-7bqZff/openjdk-lts-11.0.4+11/src/hotspot/share/prims/jni.cpp, line 615]
Event: 36,772 Thread 0x00007faf94034800 Exception <a 'java/lang/NoSuchMethodError'{0x00000000c63871f8}: 'java.lang.Object java.lang.invoke.DirectMethodHandle$Holder.invokeSpecial(java.lang.Object, java.lang.Object, java.lang.Object, java.lang.Object, java.lang.Object, java.lang.Object, java.lan
Event: 36,773 Thread 0x00007faf94034800 Exception <a 'java/lang/NoSuchMethodError'{0x00000000c638b0e0}: 'java.lang.Object java.lang.invoke.Invokers$Holder.linkToTargetMethod(java.lang.Object, java.lang.Object, java.lang.Object, java.lang.Object, java.lang.Object, java.lang.Object, java.lang.Obj
Event: 38,623 Thread 0x00007faf9c1ae800 Implicit null exception at 0x00007fb00465dcc6 to 0x00007fb004666b72

Events (10 events):
Event: 41,045 Executing VM operation: CGC_Operation done
Event: 41,173 Executing VM operation: CGC_Operation
Event: 41,216 Executing VM operation: CGC_Operation done
Event: 41,352 Executing VM operation: G1CollectForAllocation
Event: 43,788 Executing VM operation: G1CollectForAllocation done
Event: 47,266 Executing VM operation: G1CollectForAllocation
Event: 48,029 Executing VM operation: G1CollectForAllocation done
Event: 50,496 Executing VM operation: G1CollectForAllocation
Event: 51,668 Executing VM operation: G1CollectForAllocation done
Event: 52,353 Executing VM operation: G1CollectForAllocation


Dynamic libraries:
c0000000-cde00000 rw-p 00000000 00:00 0 
e1e00000-ffe00000 ---p 00000000 00:00 0 
ffe00000-ffe34000 rw-p 01116000 08:04 29754065                           /usr/lib/jvm/java-11-openjdk-amd64/lib/server/classes.jsa
ffe34000-fff00000 rw-p 00000000 00:00 0 
fff00000-fff6a000 rw-p 010ac000 08:04 29754065                           /usr/lib/jvm/java-11-openjdk-amd64/lib/server/classes.jsa
fff6a000-100000000 rw-p 00000000 00:00 0 
800000000-800002000 rwxp 00001000 08:04 29754065                         /usr/lib/jvm/java-11-openjdk-amd64/lib/server/classes.jsa
800002000-8003bd000 rw-p 00003000 08:04 29754065                         /usr/lib/jvm/java-11-openjdk-amd64/lib/server/classes.jsa
8003bd000-800a98000 r--p 003be000 08:04 29754065                         /usr/lib/jvm/java-11-openjdk-amd64/lib/server/classes.jsa
800a98000-800a99000 rw-p 00a99000 08:04 29754065                         /usr/lib/jvm/java-11-openjdk-amd64/lib/server/classes.jsa
800a99000-8010ab000 r--p 00a9a000 08:04 29754065                         /usr/lib/jvm/java-11-openjdk-amd64/lib/server/classes.jsa
840000000-840520000 rw-p 00000000 00:00 0 
840520000-880000000 ---p 00000000 00:00 0 
55a50fa12000-55a50fa13000 r-xp 00000000 08:04 29623359                   /usr/lib/jvm/java-11-openjdk-amd64/bin/java
55a50fc13000-55a50fc14000 r--p 00001000 08:04 29623359                   /usr/lib/jvm/java-11-openjdk-amd64/bin/java
55a50fc14000-55a50fc15000 rw-p 00002000 08:04 29623359                   /usr/lib/jvm/java-11-openjdk-amd64/bin/java
55a5103d0000-55a510434000 rw-p 00000000 00:00 0                          [heap]
7faf6f956000-7faf78000000 r--s 00000000 08:04 29753592                   /usr/lib/jvm/java-11-openjdk-amd64/lib/modules
7faf78000000-7faf78021000 rw-p 00000000 00:00 0 
7faf78021000-7faf7c000000 ---p 00000000 00:00 0 
7faf7c000000-7faf7c1c7000 rw-p 00000000 00:00 0 
7faf7c1c7000-7faf80000000 ---p 00000000 00:00 0 
7faf80000000-7faf80138000 rw-p 00000000 00:00 0 
7faf80138000-7faf84000000 ---p 00000000 00:00 0 
7faf84000000-7faf8409b000 rw-p 00000000 00:00 0 
7faf8409b000-7faf88000000 ---p 00000000 00:00 0 
7faf89ba1000-7faf89ba5000 ---p 00000000 00:00 0 
7faf89ba5000-7faf89ca2000 rw-p 00000000 00:00 0 
7faf89ca2000-7faf89ca6000 ---p 00000000 00:00 0 
7faf89ca6000-7faf89da3000 rw-p 00000000 00:00 0 
7faf89da3000-7faf89da7000 ---p 00000000 00:00 0 
7faf89da7000-7faf89fa4000 rw-p 00000000 00:00 0 
7faf89fa4000-7faf8a0a4000 ---p 00000000 00:00 0 
7faf8a0a4000-7faf8a2a4000 rw-p 00000000 00:00 0 
7faf8a2a4000-7faf8a4a4000 rw-p 00000000 00:00 0 
7faf8a4a4000-7faf8a4bb000 r-xp 00000000 08:04 5772066                    /lib/x86_64-linux-gnu/libresolv-2.27.so
7faf8a4bb000-7faf8a6bb000 ---p 00017000 08:04 5772066                    /lib/x86_64-linux-gnu/libresolv-2.27.so
7faf8a6bb000-7faf8a6bc000 r--p 00017000 08:04 5772066                    /lib/x86_64-linux-gnu/libresolv-2.27.so
7faf8a6bc000-7faf8a6bd000 rw-p 00018000 08:04 5772066                    /lib/x86_64-linux-gnu/libresolv-2.27.so
7faf8a6bd000-7faf8a6bf000 rw-p 00000000 00:00 0 
7faf8a6bf000-7faf8a6c4000 r-xp 00000000 08:04 5772015                    /lib/x86_64-linux-gnu/libnss_dns-2.27.so
7faf8a6c4000-7faf8a8c4000 ---p 00005000 08:04 5772015                    /lib/x86_64-linux-gnu/libnss_dns-2.27.so
7faf8a8c4000-7faf8a8c5000 r--p 00005000 08:04 5772015                    /lib/x86_64-linux-gnu/libnss_dns-2.27.so
7faf8a8c5000-7faf8a8c6000 rw-p 00006000 08:04 5772015                    /lib/x86_64-linux-gnu/libnss_dns-2.27.so
7faf8a8c6000-7faf8a8c8000 r-xp 00000000 08:04 5772023                    /lib/x86_64-linux-gnu/libnss_mdns4_minimal.so.2
7faf8a8c8000-7faf8aac7000 ---p 00002000 08:04 5772023                    /lib/x86_64-linux-gnu/libnss_mdns4_minimal.so.2
7faf8aac7000-7faf8aac8000 r--p 00001000 08:04 5772023                    /lib/x86_64-linux-gnu/libnss_mdns4_minimal.so.2
7faf8aac8000-7faf8aac9000 rw-p 00002000 08:04 5772023                    /lib/x86_64-linux-gnu/libnss_mdns4_minimal.so.2
7faf8aac9000-7faf8aacb000 r-xp 00000000 08:04 29753563                   /usr/lib/jvm/java-11-openjdk-amd64/lib/libextnet.so
7faf8aacb000-7faf8acca000 ---p 00002000 08:04 29753563                   /usr/lib/jvm/java-11-openjdk-amd64/lib/libextnet.so
7faf8acca000-7faf8accb000 r--p 00001000 08:04 29753563                   /usr/lib/jvm/java-11-openjdk-amd64/lib/libextnet.so
7faf8accb000-7faf8accc000 rw-p 00002000 08:04 29753563                   /usr/lib/jvm/java-11-openjdk-amd64/lib/libextnet.so
7faf8accc000-7faf8aecc000 rw-p 00000000 00:00 0 
7faf8aecc000-7faf8aed0000 ---p 00000000 00:00 0 
7faf8aed0000-7faf8afcd000 rw-p 00000000 00:00 0 
7faf8afcd000-7faf8aff7000 r-xp 00000000 08:04 29753588                   /usr/lib/jvm/java-11-openjdk-amd64/lib/libsunec.so
7faf8aff7000-7faf8b1f6000 ---p 0002a000 08:04 29753588                   /usr/lib/jvm/java-11-openjdk-amd64/lib/libsunec.so
7faf8b1f6000-7faf8b1fa000 r--p 00029000 08:04 29753588                   /usr/lib/jvm/java-11-openjdk-amd64/lib/libsunec.so
7faf8b1fa000-7faf8b1fc000 rw-p 0002d000 08:04 29753588                   /usr/lib/jvm/java-11-openjdk-amd64/lib/libsunec.so
7faf8b1fc000-7faf8b200000 ---p 00000000 00:00 0 
7faf8b200000-7faf8b4fd000 rw-p 00000000 00:00 0 
7faf8b4fd000-7faf8b501000 ---p 00000000 00:00 0 
7faf8b501000-7faf8b7fe000 rw-p 00000000 00:00 0 
7faf8b7fe000-7faf8b802000 ---p 00000000 00:00 0 
7faf8b802000-7faf8baff000 rw-p 00000000 00:00 0 
7faf8baff000-7faf8bcff000 rw-p 00000000 00:00 0 
7faf8bcff000-7faf8bd03000 ---p 00000000 00:00 0 
7faf8bd03000-7faf8c000000 rw-p 00000000 00:00 0 
7faf8c000000-7faf8c08a000 rw-p 00000000 00:00 0 
7faf8c08a000-7faf90000000 ---p 00000000 00:00 0 
7faf90000000-7faf90021000 rw-p 00000000 00:00 0 
7faf90021000-7faf94000000 ---p 00000000 00:00 0 
7faf94000000-7faf94040000 rw-p 00000000 00:00 0 
7faf94040000-7faf98000000 ---p 00000000 00:00 0 
7faf98000000-7faf981cb000 rw-p 00000000 00:00 0 
7faf981cb000-7faf9c000000 ---p 00000000 00:00 0 
7faf9c000000-7faf9ca83000 rw-p 00000000 00:00 0 
7faf9ca83000-7fafa0000000 ---p 00000000 00:00 0 
7fafa0000000-7fafa0021000 rw-p 00000000 00:00 0 
7fafa0021000-7fafa4000000 ---p 00000000 00:00 0 
7fafa4000000-7fafa4021000 rw-p 00000000 00:00 0 
7fafa4021000-7fafa8000000 ---p 00000000 00:00 0 
7fafa8000000-7fafa8021000 rw-p 00000000 00:00 0 
7fafa8021000-7fafac000000 ---p 00000000 00:00 0 
7fafac000000-7fafac021000 rw-p 00000000 00:00 0 
7fafac021000-7fafb0000000 ---p 00000000 00:00 0 
7fafb0000000-7fafb0026000 rw-p 00000000 00:00 0 
7fafb0026000-7fafb4000000 ---p 00000000 00:00 0 
7fafb4000000-7fafb4021000 rw-p 00000000 00:00 0 
7fafb4021000-7fafb8000000 ---p 00000000 00:00 0 
7fafb8000000-7fafb8021000 rw-p 00000000 00:00 0 
7fafb8021000-7fafbc000000 ---p 00000000 00:00 0 
7fafbc000000-7fafbc021000 rw-p 00000000 00:00 0 
7fafbc021000-7fafc0000000 ---p 00000000 00:00 0 
7fafc0000000-7fafc0021000 rw-p 00000000 00:00 0 
7fafc0021000-7fafc4000000 ---p 00000000 00:00 0 
7fafc4000000-7fafc75c6000 rw-p 00000000 00:00 0 
7fafc75c6000-7fafc8000000 ---p 00000000 00:00 0 
7fafc8000000-7fafc89f6000 rw-p 00000000 00:00 0 
7fafc89f6000-7fafcc000000 ---p 00000000 00:00 0 
7fafcc000000-7fafcc021000 rw-p 00000000 00:00 0 
7fafcc021000-7fafd0000000 ---p 00000000 00:00 0 
7fafd0000000-7fafd0021000 rw-p 00000000 00:00 0 
7fafd0021000-7fafd4000000 ---p 00000000 00:00 0 
7fafd4000000-7fafd41b4000 rw-p 00000000 00:00 0 
7fafd41b4000-7fafd8000000 ---p 00000000 00:00 0 
7fafd8000000-7fafd8021000 rw-p 00000000 00:00 0 
7fafd8021000-7fafdc000000 ---p 00000000 00:00 0 
7fafdc000000-7fafdc021000 rw-p 00000000 00:00 0 
7fafdc021000-7fafe0000000 ---p 00000000 00:00 0 
7fafe0000000-7fafe02df000 rw-p 00000000 00:00 0 
7fafe02df000-7fafe4000000 ---p 00000000 00:00 0 
7fafe4000000-7fafe4021000 rw-p 00000000 00:00 0 
7fafe4021000-7fafe8000000 ---p 00000000 00:00 0 
7fafe8000000-7fafe8089000 rw-p 00000000 00:00 0 
7fafe8089000-7fafec000000 ---p 00000000 00:00 0 
7fafec0d5000-7fafec2d5000 rw-p 00000000 00:00 0 
7fafec2d5000-7fafec4d5000 rw-p 00000000 00:00 0 
7fafec4d5000-7fafec4d6000 ---p 00000000 00:00 0 
7fafec4d6000-7fafec5d7000 rw-p 00000000 00:00 0 
7fafec5d7000-7fafec5d8000 ---p 00000000 00:00 0 
7fafec5d8000-7fafec8d9000 rw-p 00000000 00:00 0 
7fafec8d9000-7fafecad9000 rw-p 00000000 00:00 0 
7fafecad9000-7fafecadd000 ---p 00000000 00:00 0 
7fafecadd000-7fafecdda000 rw-p 00000000 00:00 0 
7fafecdda000-7fafecdde000 ---p 00000000 00:00 0 
7fafecdde000-7fafecedb000 rw-p 00000000 00:00 0 
7fafecedb000-7fafecedf000 ---p 00000000 00:00 0 
7fafecedf000-7fafed1dc000 rw-p 00000000 00:00 0 
7fafed1dc000-7fafed1e0000 ---p 00000000 00:00 0 
7fafed1e0000-7fafed2dd000 rw-p 00000000 00:00 0 
7fafed2dd000-7fafed2ed000 r-xp 00000000 08:04 24380073                   /home/felipegoiabeira/.vscode/extensions/redhat.java-0.50.0/server/config_linux/org.eclipse.equinox.launcher/org.eclipse.equinox.launcher.gtk.linux.x86_64_1.1.1100.v20190907-0426/eclipse_1801.so
7fafed2ed000-7fafed4ec000 ---p 00010000 08:04 24380073                   /home/felipegoiabeira/.vscode/extensions/redhat.java-0.50.0/server/config_linux/org.eclipse.equinox.launcher/org.eclipse.equinox.launcher.gtk.linux.x86_64_1.1.1100.v20190907-0426/eclipse_1801.so
7fafed4ec000-7fafed4ed000 r--p 0000f000 08:04 24380073                   /home/felipegoiabeira/.vscode/extensions/redhat.java-0.50.0/server/config_linux/org.eclipse.equinox.launcher/org.eclipse.equinox.launcher.gtk.linux.x86_64_1.1.1100.v20190907-0426/eclipse_1801.so
7fafed4ed000-7fafed4ee000 rw-p 00010000 08:04 24380073                   /home/felipegoiabeira/.vscode/extensions/redhat.java-0.50.0/server/config_linux/org.eclipse.equinox.launcher/org.eclipse.equinox.launcher.gtk.linux.x86_64_1.1.1100.v20190907-0426/eclipse_1801.so
7fafed4ee000-7fafed4f2000 ---p 00000000 00:00 0 
7fafed4f2000-7fafed5ef000 rw-p 00000000 00:00 0 
7fafed5ef000-7fafed5f3000 ---p 00000000 00:00 0 
7fafed5f3000-7fafed6f0000 rw-p 00000000 00:00 0 
7fafed6f0000-7fafed6f4000 ---p 00000000 00:00 0 
7fafed6f4000-7fafed7f1000 rw-p 00000000 00:00 0 
7fafed7f1000-7fafed7f2000 ---p 00000000 00:00 0 
7fafed7f2000-7fafed8f3000 rw-p 00000000 00:00 0 
7fafed8f3000-7fafed909000 r-xp 00000000 08:04 29753582                   /usr/lib/jvm/java-11-openjdk-amd64/lib/libnet.so
7fafed909000-7fafedb08000 ---p 00016000 08:04 29753582                   /usr/lib/jvm/java-11-openjdk-amd64/lib/libnet.so
7fafedb08000-7fafedb09000 r--p 00015000 08:04 29753582                   /usr/lib/jvm/java-11-openjdk-amd64/lib/libnet.so
7fafedb09000-7fafedb0a000 rw-p 00016000 08:04 29753582                   /usr/lib/jvm/java-11-openjdk-amd64/lib/libnet.so
7fafedb0a000-7fafedb1a000 r-xp 00000000 08:04 29753583                   /usr/lib/jvm/java-11-openjdk-amd64/lib/libnio.so
7fafedb1a000-7fafedd19000 ---p 00010000 08:04 29753583                   /usr/lib/jvm/java-11-openjdk-amd64/lib/libnio.so
7fafedd19000-7fafedd1a000 r--p 0000f000 08:04 29753583                   /usr/lib/jvm/java-11-openjdk-amd64/lib/libnio.so
7fafedd1a000-7fafedd1b000 rw-p 00010000 08:04 29753583                   /usr/lib/jvm/java-11-openjdk-amd64/lib/libnio.so
7fafedd1b000-7fafedd1c000 ---p 00000000 00:00 0 
7fafedd1c000-7fafede1d000 rw-p 00000000 00:00 0 
7fafede1d000-7fafede21000 ---p 00000000 00:00 0 
7fafede21000-7fafedf1e000 rw-p 00000000 00:00 0 
7fafedf1e000-7fafedf22000 ---p 00000000 00:00 0 
7fafedf22000-7fafee01f000 rw-p 00000000 00:00 0 
7fafee01f000-7fafee023000 ---p 00000000 00:00 0 
7fafee023000-7fafee120000 rw-p 00000000 00:00 0 
7fafee120000-7fafee124000 ---p 00000000 00:00 0 
7fafee124000-7fafee221000 rw-p 00000000 00:00 0 
7fafee221000-7fafee225000 ---p 00000000 00:00 0 
7fafee225000-7fafee322000 rw-p 00000000 00:00 0 
7fafee322000-7fafee326000 ---p 00000000 00:00 0 
7fafee326000-7fafee423000 rw-p 00000000 00:00 0 
7fafee423000-7fafeedf2000 r--p 00000000 08:04 25172673                   /usr/lib/locale/locale-archive
7fafeedf2000-7fafeedf6000 ---p 00000000 00:00 0 
7fafeedf6000-7fafeeef3000 rw-p 00000000 00:00 0 
7fafeeef3000-7fafeeef7000 ---p 00000000 00:00 0 
7fafeeef7000-7fafeeff4000 rw-p 00000000 00:00 0 
7fafeeff4000-7fafeeff5000 ---p 00000000 00:00 0 
7fafeeff5000-7fafef8f6000 rw-p 00000000 00:00 0 
7fafef8f6000-7fafef8f7000 ---p 00000000 00:00 0 
7fafef8f7000-7fafef9f8000 rw-p 00000000 00:00 0 
7fafef9f8000-7fafef9f9000 ---p 00000000 00:00 0 
7fafef9f9000-7fafefafa000 rw-p 00000000 00:00 0 
7fafefafa000-7fafefafb000 ---p 00000000 00:00 0 
7fafefafb000-7faff0000000 rw-p 00000000 00:00 0 
7faff0000000-7faff0021000 rw-p 00000000 00:00 0 
7faff0021000-7faff4000000 ---p 00000000 00:00 0 
7faff4000000-7faff6378000 rw-p 00000000 00:00 0 
7faff6378000-7faff6ff8000 ---p 00000000 00:00 0 
7faff6ff8000-7faff7378000 rw-p 00000000 00:00 0 
7faff7378000-7faff7ff8000 ---p 00000000 00:00 0 
7faff7ff8000-7faff8000000 rw-p 00000000 00:00 0 
7faff8000000-7faff8026000 rw-p 00000000 00:00 0 
7faff8026000-7faffc000000 ---p 00000000 00:00 0 
7faffc051000-7faffc052000 ---p 00000000 00:00 0 
7faffc052000-7faffc153000 rw-p 00000000 00:00 0 
7faffc153000-7faffc154000 ---p 00000000 00:00 0 
7faffc154000-7faffc2c4000 rw-p 00000000 00:00 0 
7faffc2c4000-7faffc454000 ---p 00000000 00:00 0 
7faffc454000-7faffc4c4000 rw-p 00000000 00:00 0 
7faffc4c4000-7faffc654000 ---p 00000000 00:00 0 
7faffc654000-7faffc6c4000 rw-p 00000000 00:00 0 
7faffc6c4000-7faffc854000 ---p 00000000 00:00 0 
7faffc854000-7faffc956000 rw-p 00000000 00:00 0 
7faffc956000-7faffcbc6000 rwxp 00000000 00:00 0 
7faffcbc6000-7faffcee6000 ---p 00000000 00:00 0 
7faffcee6000-7faffd9f6000 rwxp 00000000 00:00 0 
7faffd9f6000-7fb00441e000 ---p 00000000 00:00 0 
7fb00441e000-7fb00469e000 rwxp 00000000 00:00 0 
7fb00469e000-7fb00b956000 ---p 00000000 00:00 0 
7fb00b956000-7fb014000000 r--s 00000000 08:04 29753592                   /usr/lib/jvm/java-11-openjdk-amd64/lib/modules
7fb014000000-7fb0144b8000 rw-p 00000000 00:00 0 
7fb0144b8000-7fb018000000 ---p 00000000 00:00 0 
7fb018052000-7fb0183d6000 rw-p 00000000 00:00 0 
7fb0183d6000-7fb0183d7000 ---p 00000000 00:00 0 
7fb0183d7000-7fb0184dd000 rw-p 00000000 00:00 0 
7fb0184dd000-7fb0185c3000 ---p 00000000 00:00 0 
7fb0185c3000-7fb0185da000 rw-p 00000000 00:00 0 
7fb0185da000-7fb0186ae000 ---p 00000000 00:00 0 
7fb0186ae000-7fb0186b3000 r-xp 00000000 08:04 29753574                   /usr/lib/jvm/java-11-openjdk-amd64/lib/libjimage.so
7fb0186b3000-7fb0188b2000 ---p 00005000 08:04 29753574                   /usr/lib/jvm/java-11-openjdk-amd64/lib/libjimage.so
7fb0188b2000-7fb0188b3000 r--p 00004000 08:04 29753574                   /usr/lib/jvm/java-11-openjdk-amd64/lib/libjimage.so
7fb0188b3000-7fb0188b4000 rw-p 00005000 08:04 29753574                   /usr/lib/jvm/java-11-openjdk-amd64/lib/libjimage.so
7fb0188b4000-7fb0188bb000 r-xp 00000000 08:04 29753591                   /usr/lib/jvm/java-11-openjdk-amd64/lib/libzip.so
7fb0188bb000-7fb018aba000 ---p 00007000 08:04 29753591                   /usr/lib/jvm/java-11-openjdk-amd64/lib/libzip.so
7fb018aba000-7fb018abb000 r--p 00006000 08:04 29753591                   /usr/lib/jvm/java-11-openjdk-amd64/lib/libzip.so
7fb018abb000-7fb018abc000 rw-p 00007000 08:04 29753591                   /usr/lib/jvm/java-11-openjdk-amd64/lib/libzip.so
7fb018abc000-7fb018ac7000 r-xp 00000000 08:04 5772017                    /lib/x86_64-linux-gnu/libnss_files-2.27.so
7fb018ac7000-7fb018cc6000 ---p 0000b000 08:04 5772017                    /lib/x86_64-linux-gnu/libnss_files-2.27.so
7fb018cc6000-7fb018cc7000 r--p 0000a000 08:04 5772017                    /lib/x86_64-linux-gnu/libnss_files-2.27.so
7fb018cc7000-7fb018cc8000 rw-p 0000b000 08:04 5772017                    /lib/x86_64-linux-gnu/libnss_files-2.27.so
7fb018cc8000-7fb018cce000 rw-p 00000000 00:00 0 
7fb018cce000-7fb018ce5000 r-xp 00000000 08:04 5772011                    /lib/x86_64-linux-gnu/libnsl-2.27.so
7fb018ce5000-7fb018ee4000 ---p 00017000 08:04 5772011                    /lib/x86_64-linux-gnu/libnsl-2.27.so
7fb018ee4000-7fb018ee5000 r--p 00016000 08:04 5772011                    /lib/x86_64-linux-gnu/libnsl-2.27.so
7fb018ee5000-7fb018ee6000 rw-p 00017000 08:04 5772011                    /lib/x86_64-linux-gnu/libnsl-2.27.so
7fb018ee6000-7fb018ee8000 rw-p 00000000 00:00 0 
7fb018ee8000-7fb018ef3000 r-xp 00000000 08:04 5772028                    /lib/x86_64-linux-gnu/libnss_nis-2.27.so
7fb018ef3000-7fb0190f2000 ---p 0000b000 08:04 5772028                    /lib/x86_64-linux-gnu/libnss_nis-2.27.so
7fb0190f2000-7fb0190f3000 r--p 0000a000 08:04 5772028                    /lib/x86_64-linux-gnu/libnss_nis-2.27.so
7fb0190f3000-7fb0190f4000 rw-p 0000b000 08:04 5772028                    /lib/x86_64-linux-gnu/libnss_nis-2.27.so
7fb0190f4000-7fb0190fc000 r-xp 00000000 08:04 5772013                    /lib/x86_64-linux-gnu/libnss_compat-2.27.so
7fb0190fc000-7fb0192fc000 ---p 00008000 08:04 5772013                    /lib/x86_64-linux-gnu/libnss_compat-2.27.so
7fb0192fc000-7fb0192fd000 r--p 00008000 08:04 5772013                    /lib/x86_64-linux-gnu/libnss_compat-2.27.so
7fb0192fd000-7fb0192fe000 rw-p 00009000 08:04 5772013                    /lib/x86_64-linux-gnu/libnss_compat-2.27.so
7fb0192fe000-7fb019327000 r-xp 00000000 08:04 29753570                   /usr/lib/jvm/java-11-openjdk-amd64/lib/libjava.so
7fb019327000-7fb019526000 ---p 00029000 08:04 29753570                   /usr/lib/jvm/java-11-openjdk-amd64/lib/libjava.so
7fb019526000-7fb019527000 r--p 00028000 08:04 29753570                   /usr/lib/jvm/java-11-openjdk-amd64/lib/libjava.so
7fb019527000-7fb019529000 rw-p 00029000 08:04 29753570                   /usr/lib/jvm/java-11-openjdk-amd64/lib/libjava.so
7fb019529000-7fb019536000 r-xp 00000000 08:04 29753590                   /usr/lib/jvm/java-11-openjdk-amd64/lib/libverify.so
7fb019536000-7fb019735000 ---p 0000d000 08:04 29753590                   /usr/lib/jvm/java-11-openjdk-amd64/lib/libverify.so
7fb019735000-7fb019737000 r--p 0000c000 08:04 29753590                   /usr/lib/jvm/java-11-openjdk-amd64/lib/libverify.so
7fb019737000-7fb019738000 rw-p 0000e000 08:04 29753590                   /usr/lib/jvm/java-11-openjdk-amd64/lib/libverify.so
7fb019738000-7fb01973f000 r-xp 00000000 08:04 5772068                    /lib/x86_64-linux-gnu/librt-2.27.so
7fb01973f000-7fb01993e000 ---p 00007000 08:04 5772068                    /lib/x86_64-linux-gnu/librt-2.27.so
7fb01993e000-7fb01993f000 r--p 00006000 08:04 5772068                    /lib/x86_64-linux-gnu/librt-2.27.so
7fb01993f000-7fb019940000 rw-p 00007000 08:04 5772068                    /lib/x86_64-linux-gnu/librt-2.27.so
7fb019940000-7fb019957000 r-xp 00000000 08:04 5767251                    /lib/x86_64-linux-gnu/libgcc_s.so.1
7fb019957000-7fb019b56000 ---p 00017000 08:04 5767251                    /lib/x86_64-linux-gnu/libgcc_s.so.1
7fb019b56000-7fb019b57000 r--p 00016000 08:04 5767251                    /lib/x86_64-linux-gnu/libgcc_s.so.1
7fb019b57000-7fb019b58000 rw-p 00017000 08:04 5767251                    /lib/x86_64-linux-gnu/libgcc_s.so.1
7fb019b58000-7fb019cf5000 r-xp 00000000 08:04 5771990                    /lib/x86_64-linux-gnu/libm-2.27.so
7fb019cf5000-7fb019ef4000 ---p 0019d000 08:04 5771990                    /lib/x86_64-linux-gnu/libm-2.27.so
7fb019ef4000-7fb019ef5000 r--p 0019c000 08:04 5771990                    /lib/x86_64-linux-gnu/libm-2.27.so
7fb019ef5000-7fb019ef6000 rw-p 0019d000 08:04 5771990                    /lib/x86_64-linux-gnu/libm-2.27.so
7fb019ef6000-7fb01a06f000 r-xp 00000000 08:04 25165850                   /usr/lib/x86_64-linux-gnu/libstdc++.so.6.0.25
7fb01a06f000-7fb01a26f000 ---p 00179000 08:04 25165850                   /usr/lib/x86_64-linux-gnu/libstdc++.so.6.0.25
7fb01a26f000-7fb01a279000 r--p 00179000 08:04 25165850                   /usr/lib/x86_64-linux-gnu/libstdc++.so.6.0.25
7fb01a279000-7fb01a27b000 rw-p 00183000 08:04 25165850                   /usr/lib/x86_64-linux-gnu/libstdc++.so.6.0.25
7fb01a27b000-7fb01a27f000 rw-p 00000000 00:00 0 
7fb01a27f000-7fb01b34b000 r-xp 00000000 08:04 29753597                   /usr/lib/jvm/java-11-openjdk-amd64/lib/server/libjvm.so
7fb01b34b000-7fb01b54a000 ---p 010cc000 08:04 29753597                   /usr/lib/jvm/java-11-openjdk-amd64/lib/server/libjvm.so
7fb01b54a000-7fb01b607000 r--p 010cb000 08:04 29753597                   /usr/lib/jvm/java-11-openjdk-amd64/lib/server/libjvm.so
7fb01b607000-7fb01b640000 rw-p 01188000 08:04 29753597                   /usr/lib/jvm/java-11-openjdk-amd64/lib/server/libjvm.so
7fb01b640000-7fb01b696000 rw-p 00000000 00:00 0 
7fb01b696000-7fb01b6b0000 r-xp 00000000 08:04 5772060                    /lib/x86_64-linux-gnu/libpthread-2.27.so
7fb01b6b0000-7fb01b8af000 ---p 0001a000 08:04 5772060                    /lib/x86_64-linux-gnu/libpthread-2.27.so
7fb01b8af000-7fb01b8b0000 r--p 00019000 08:04 5772060                    /lib/x86_64-linux-gnu/libpthread-2.27.so
7fb01b8b0000-7fb01b8b1000 rw-p 0001a000 08:04 5772060                    /lib/x86_64-linux-gnu/libpthread-2.27.so
7fb01b8b1000-7fb01b8b5000 rw-p 00000000 00:00 0 
7fb01b8b5000-7fb01b8b8000 r-xp 00000000 08:04 5771950                    /lib/x86_64-linux-gnu/libdl-2.27.so
7fb01b8b8000-7fb01bab7000 ---p 00003000 08:04 5771950                    /lib/x86_64-linux-gnu/libdl-2.27.so
7fb01bab7000-7fb01bab8000 r--p 00002000 08:04 5771950                    /lib/x86_64-linux-gnu/libdl-2.27.so
7fb01bab8000-7fb01bab9000 rw-p 00003000 08:04 5771950                    /lib/x86_64-linux-gnu/libdl-2.27.so
7fb01bab9000-7fb01bad5000 r-xp 00000000 08:04 5772099                    /lib/x86_64-linux-gnu/libz.so.1.2.11
7fb01bad5000-7fb01bcd4000 ---p 0001c000 08:04 5772099                    /lib/x86_64-linux-gnu/libz.so.1.2.11
7fb01bcd4000-7fb01bcd5000 r--p 0001b000 08:04 5772099                    /lib/x86_64-linux-gnu/libz.so.1.2.11
7fb01bcd5000-7fb01bcd6000 rw-p 0001c000 08:04 5772099                    /lib/x86_64-linux-gnu/libz.so.1.2.11
7fb01bcd6000-7fb01bebd000 r-xp 00000000 08:04 5771927                    /lib/x86_64-linux-gnu/libc-2.27.so
7fb01bebd000-7fb01c0bd000 ---p 001e7000 08:04 5771927                    /lib/x86_64-linux-gnu/libc-2.27.so
7fb01c0bd000-7fb01c0c1000 r--p 001e7000 08:04 5771927                    /lib/x86_64-linux-gnu/libc-2.27.so
7fb01c0c1000-7fb01c0c3000 rw-p 001eb000 08:04 5771927                    /lib/x86_64-linux-gnu/libc-2.27.so
7fb01c0c3000-7fb01c0c7000 rw-p 00000000 00:00 0 
7fb01c0c7000-7fb01c0d7000 r-xp 00000000 08:04 29753554                   /usr/lib/jvm/java-11-openjdk-amd64/lib/jli/libjli.so
7fb01c0d7000-7fb01c2d6000 ---p 00010000 08:04 29753554                   /usr/lib/jvm/java-11-openjdk-amd64/lib/jli/libjli.so
7fb01c2d6000-7fb01c2d7000 r--p 0000f000 08:04 29753554                   /usr/lib/jvm/java-11-openjdk-amd64/lib/jli/libjli.so
7fb01c2d7000-7fb01c2d8000 rw-p 00010000 08:04 29753554                   /usr/lib/jvm/java-11-openjdk-amd64/lib/jli/libjli.so
7fb01c2d8000-7fb01c2ff000 r-xp 00000000 08:04 5771899                    /lib/x86_64-linux-gnu/ld-2.27.so
7fb01c310000-7fb01c314000 ---p 00000000 00:00 0 
7fb01c314000-7fb01c332000 rw-p 00000000 00:00 0 
7fb01c332000-7fb01c339000 r--s 00000000 08:04 25431139                   /usr/lib/x86_64-linux-gnu/gconv/gconv-modules.cache
7fb01c339000-7fb01c35f000 r--p 00000000 08:04 26873646                   /usr/share/locale-langpack/pt_BR/LC_MESSAGES/libc.mo
7fb01c35f000-7fb01c3dd000 rw-p 00000000 00:00 0 
7fb01c3dd000-7fb01c3e1000 ---p 00000000 00:00 0 
7fb01c3e1000-7fb01c4e0000 rw-p 00000000 00:00 0 
7fb01c4e5000-7fb01c4ea000 rw-p 00000000 00:00 0 
7fb01c4ea000-7fb01c4f1000 ---p 00000000 00:00 0 
7fb01c4f1000-7fb01c4f3000 r--s 00007000 08:04 25560649                   /usr/share/java/java-atk-wrapper.jar
7fb01c4f3000-7fb01c4fb000 rw-s 00000000 08:04 28056008                   /tmp/hsperfdata_felipegoiabeira/14032
7fb01c4fb000-7fb01c4fc000 ---p 00000000 00:00 0 
7fb01c4fc000-7fb01c4fd000 r--p 00000000 00:00 0 
7fb01c4fd000-7fb01c4ff000 rw-p 00000000 00:00 0 
7fb01c4ff000-7fb01c500000 r--p 00027000 08:04 5771899                    /lib/x86_64-linux-gnu/ld-2.27.so
7fb01c500000-7fb01c501000 rw-p 00028000 08:04 5771899                    /lib/x86_64-linux-gnu/ld-2.27.so
7fb01c501000-7fb01c502000 rw-p 00000000 00:00 0 
7ffd87778000-7ffd8779a000 rw-p 00000000 00:00 0                          [stack]
7ffd877d2000-7ffd877d5000 r--p 00000000 00:00 0                          [vvar]
7ffd877d5000-7ffd877d7000 r-xp 00000000 00:00 0                          [vdso]
ffffffffff600000-ffffffffff601000 r-xp 00000000 00:00 0                  [vsyscall]


VM Arguments:
jvm_args: --add-modules=ALL-SYSTEM --add-opens=java.base/java.util=ALL-UNNAMED --add-opens=java.base/java.lang=ALL-UNNAMED -Declipse.application=org.eclipse.jdt.ls.core.id1 -Dosgi.bundles.defaultStartLevel=4 -Declipse.product=org.eclipse.jdt.ls.core.product -Dfile.encoding=utf8 -Xverify:none -Xmx1G -XX:+UseG1GC -XX:+UseStringDeduplication 
java_command: /home/felipegoiabeira/.vscode/extensions/redhat.java-0.50.0/server/plugins/org.eclipse.equinox.launcher_1.5.500.v20190715-1310.jar -configuration /home/felipegoiabeira/.vscode/extensions/redhat.java-0.50.0/server/config_linux -data /home/felipegoiabeira/.config/Code/User/workspaceStorage/557dbdfeda79f84ebb63a90a016dec14/redhat.java/jdt_ws
java_class_path (initial): /home/felipegoiabeira/.vscode/extensions/redhat.java-0.50.0/server/plugins/org.eclipse.equinox.launcher_1.5.500.v20190715-1310.jar
Launcher Type: SUN_STANDARD

[Global flags]
     bool BytecodeVerificationLocal                = false                                     {product} {command line}
     bool BytecodeVerificationRemote               = false                                     {product} {command line}
     intx CICompilerCount                          = 3                                         {product} {ergonomic}
     uint ConcGCThreads                            = 1                                         {product} {ergonomic}
     uint G1ConcRefinementThreads                  = 4                                         {product} {ergonomic}
   size_t G1HeapRegionSize                         = 1048576                                   {product} {ergonomic}
    uintx GCDrainStackTargetSize                   = 64                                        {product} {ergonomic}
   size_t InitialHeapSize                          = 96468992                                  {product} {ergonomic}
   size_t MarkStackSize                            = 4194304                                   {product} {ergonomic}
   size_t MaxHeapSize                              = 1073741824                                {product} {command line}
   size_t MaxNewSize                               = 643825664                                 {product} {ergonomic}
   size_t MinHeapDeltaBytes                        = 1048576                                   {product} {ergonomic}
    uintx NonNMethodCodeHeapSize                   = 5830092                                {pd product} {ergonomic}
    uintx NonProfiledCodeHeapSize                  = 122914074                              {pd product} {ergonomic}
    uintx ProfiledCodeHeapSize                     = 122914074                              {pd product} {ergonomic}
    uintx ReservedCodeCacheSize                    = 251658240                              {pd product} {ergonomic}
     bool SegmentedCodeCache                       = true                                      {product} {ergonomic}
     bool UseCompressedClassPointers               = true                                 {lp64_product} {ergonomic}
     bool UseCompressedOops                        = true                                 {lp64_product} {ergonomic}
     bool UseG1GC                                  = true                                      {product} {command line}
     bool UseStringDeduplication                   = true                                      {product} {command line}

Logging:
Log output configuration:
 #0: stdout all=warning uptime,level,tags
 #1: stderr all=off uptime,level,tags

Environment Variables:
PATH=/home/felipegoiabeira/.jenv/shims:/home/felipegoiabeira/.jenv/bin:/home/felipegoiabeira/bin:/usr/local/sbin:/usr/local/bin:/usr/sbin:/usr/bin:/sbin:/bin:/usr/games:/usr/local/games:/snap/bin:/usr/lib/jvm/java-8-oracle/bin:/usr/lib/jvm/java-8-oracle/db/bin:/usr/lib/jvm/java-8-oracle/jre/bin:/home/felipegoiabeira/Documentos/flutter_linux_v1.9.1+hotfix.2-stable/flutter/bin:/home/felipegoiabeira/Android/Sdk:/home/felipegoiabeira/.yarn/bin
USERNAME=felipegoiabeira
SHELL=/usr/bin/zsh
DISPLAY=:0

Signal Handlers:
SIGSEGV: [libjvm.so+0xde5f50], sa_mask[0]=11111111011111111101111111111110, sa_flags=SA_RESTART|SA_SIGINFO
SIGBUS: [libjvm.so+0xde5f50], sa_mask[0]=11111111011111111101111111111110, sa_flags=SA_RESTART|SA_SIGINFO
SIGFPE: [libjvm.so+0xde5f50], sa_mask[0]=11111111011111111101111111111110, sa_flags=SA_RESTART|SA_SIGINFO
SIGPIPE: [libjvm.so+0xbba5b0], sa_mask[0]=11111111011111111101111111111110, sa_flags=SA_RESTART|SA_SIGINFO
SIGXFSZ: [libjvm.so+0xbba5b0], sa_mask[0]=11111111011111111101111111111110, sa_flags=SA_RESTART|SA_SIGINFO
SIGILL: [libjvm.so+0xde5f50], sa_mask[0]=11111111011111111101111111111110, sa_flags=SA_RESTART|SA_SIGINFO
SIGUSR2: [libjvm.so+0xbba450], sa_mask[0]=00000000000000000000000000000000, sa_flags=SA_RESTART|SA_SIGINFO
SIGHUP: [libjvm.so+0xbba7b0], sa_mask[0]=11111111011111111101111111111110, sa_flags=SA_RESTART|SA_SIGINFO
SIGINT: [libjvm.so+0xbba7b0], sa_mask[0]=11111111011111111101111111111110, sa_flags=SA_RESTART|SA_SIGINFO
SIGTERM: [libjvm.so+0xbba7b0], sa_mask[0]=11111111011111111101111111111110, sa_flags=SA_RESTART|SA_SIGINFO
SIGQUIT: [libjvm.so+0xbba7b0], sa_mask[0]=11111111011111111101111111111110, sa_flags=SA_RESTART|SA_SIGINFO


---------------  S Y S T E M  ---------------

OS:DISTRIB_ID=Ubuntu
DISTRIB_RELEASE=18.04
DISTRIB_CODENAME=bionic
DISTRIB_DESCRIPTION="Ubuntu 18.04.3 LTS"
uname:Linux 4.15.0-65-generic #74-Ubuntu SMP Tue Sep 17 17:06:04 UTC 2019 x86_64
libc:glibc 2.27 NPTL 2.27 
rlimit: STACK 8192k, CORE 0k, NPROC 22524, NOFILE 4096, AS infinity, DATA infinity, FSIZE infinity
load average:22,77 17,58 9,20

/proc/meminfo:
MemTotal:        6006752 kB
MemFree:          116096 kB
MemAvailable:      64512 kB
Buffers:            3392 kB
Cached:           539984 kB
SwapCached:         3232 kB
Active:          4710140 kB
Inactive:         715360 kB
Active(anon):    4685212 kB
Inactive(anon):   669488 kB
Active(file):      24928 kB
Inactive(file):    45872 kB
Unevictable:         304 kB
Mlocked:             304 kB
SwapTotal:       2097148 kB
SwapFree:              0 kB
Dirty:               500 kB
Writeback:           736 kB
AnonPages:       4879800 kB
Mapped:           219600 kB
Shmem:            472356 kB
Slab:             173768 kB
SReclaimable:      79400 kB
SUnreclaim:        94368 kB
KernelStack:       26032 kB
PageTables:       148088 kB
NFS_Unstable:          0 kB
Bounce:                0 kB
WritebackTmp:          0 kB
CommitLimit:     5100524 kB
Committed_AS:   23917472 kB
VmallocTotal:   34359738367 kB
VmallocUsed:           0 kB
VmallocChunk:          0 kB
HardwareCorrupted:     0 kB
AnonHugePages:         0 kB
ShmemHugePages:        0 kB
ShmemPmdMapped:        0 kB
CmaTotal:              0 kB
CmaFree:               0 kB
HugePages_Total:       0
HugePages_Free:        0
HugePages_Rsvd:        0
HugePages_Surp:        0
Hugepagesize:       2048 kB
DirectMap4k:      642108 kB
DirectMap2M:     5552128 kB
DirectMap1G:     1048576 kB


/proc/sys/kernel/threads-max (system-wide limit on the number of threads):
45048


/proc/sys/vm/max_map_count (maximum number of memory map areas a process may have):
65530


/proc/sys/kernel/pid_max (system-wide limit on number of process identifiers):
32768



container (cgroup) information:
container_type: cgroupv1
cpu_cpuset_cpus: 0-3
cpu_memory_nodes: 0
active_processor_count: 4
cpu_quota: -1
cpu_period: 100000
cpu_shares: -1
memory_limit_in_bytes: -1
memory_and_swap_limit_in_bytes: -2
memory_soft_limit_in_bytes: -1
memory_usage_in_bytes: 5548789760
memory_max_usage_in_bytes: 75235328

Steal ticks since vm start: 0
Steal ticks percentage since vm start:  0,000

CPU:total 4 (initial active 4) (2 cores per cpu, 2 threads per core) family 6 model 69 stepping 1, cmov, cx8, fxsr, mmx, sse, sse2, sse3, ssse3, sse4.1, sse4.2, popcnt, avx, avx2, aes, clmul, erms, lzcnt, ht, tsc, tscinvbit, bmi1, bmi2, fma
CPU Model and flags from /proc/cpuinfo:
model name	: Intel(R) Core(TM) i5-4200U CPU @ 1.60GHz
flags		: fpu vme de pse tsc msr pae mce cx8 apic sep mtrr pge mca cmov pat pse36 clflush dts acpi mmx fxsr sse sse2 ss ht tm pbe syscall nx pdpe1gb rdtscp lm constant_tsc arch_perfmon pebs bts rep_good nopl xtopology nonstop_tsc cpuid aperfmperf pni pclmulqdq dtes64 monitor ds_cpl vmx est tm2 ssse3 sdbg fma cx16 xtpr pdcm pcid sse4_1 sse4_2 movbe popcnt tsc_deadline_timer aes xsave avx f16c rdrand lahf_lm abm cpuid_fault epb invpcid_single pti ssbd ibrs ibpb stibp tpr_shadow vnmi flexpriority ept vpid fsgsbase tsc_adjust bmi1 avx2 smep bmi2 erms invpcid xsaveopt dtherm ida arat pln pts md_clear flush_l1d

Memory: 4k page, physical 6006752k(119536k free), swap 2097148k(0k free)

vm_info: OpenJDK 64-Bit Server VM (11.0.4+11-post-Ubuntu-1ubuntu218.04.3) for linux-amd64 JRE (11.0.4+11-post-Ubuntu-1ubuntu218.04.3), built on Jul 18 2019 18:21:46 by "buildd" with gcc 7.4.0

END.
